This file contains any messages produced by compilers while
running configure, to aid debugging if configure makes a mistake.

It was created by configure, which was
generated by GNU Autoconf 2.69.  Invocation command line was

  $ U:/CWMM_Workspace/Timidity/MM-SOUND-TiMidity-MCD/configure 

## --------- ##
## Platform. ##
## --------- ##

hostname = ZOBOPEEP
uname -m = i386
uname -r = 1
uname -s = OS/2
uname -v = 2.45

/usr/bin/uname -p = unknown
/bin/uname -X     = unknown

/bin/arch              = unknown
/usr/bin/arch -k       = unknown
/usr/convex/getsysinfo = unknown
/usr/bin/hostinfo      = unknown
/bin/machine           = unknown
/usr/bin/oslevel       = unknown
/bin/universe          = unknown

PATH: u:/emx/bin
PATH: U:/WATCOM/BINP
PATH: U:/WATCOM/BINW
PATH: U:/perlscripts
PATH: U:/Toolkit/BIN
PATH: U:/subversion/bin
PATH: U:/eFTE
PATH: U:/Ispell
PATH: X:/sys/bin
PATH: X:/OS2
PATH: X:/USR/LOCAL/BIN
PATH: X:/USR/SBIN
PATH: X:/USR/BIN
PATH: X:/IBMGSK50/BIN
PATH: X:/IBMGSK40/BIN
PATH: X:/IBMGSK/BIN
PATH: X:/MPTN/BIN
PATH: X:/TCPIP/BIN
PATH: X:/IBMCOM
PATH: X:/OS2/SYSTEM
PATH: X:/OS2/MDOS/WINOS2
PATH: X:/OS2/INSTALL
PATH: X:/
PATH: X:/OS2/MDOS
PATH: X:/OS2/APPS
PATH: X:/MMOS2/FREEDB
PATH: X:/MMOS2
PATH: X:/MMOS2/MMPLAYER
PATH: X:/PROGRAMS/NDFS
PATH: X:/SYS/APPS/SMBCLNT
PATH: X:/SYS/APPS/4OS2
PATH: X:/PROGRAMS/ARCTOOL
PATH: X:/PROGRAMS/OPENJDK/BIN
PATH: D:/RsyncBackup/Config
PATH: D:/DFSee/bin
PATH: X:/Programs/eFTE
PATH: X:/Programs/NDFS
PATH: G:/4OS2


## ----------- ##
## Core tests. ##
## ----------- ##

configure:2509: checking build system type
configure:2523: result: i386-pc-os2-emx
configure:2543: checking host system type
configure:2556: result: i386-pc-os2-emx
configure:2576: checking target system type
configure:2589: result: i386-pc-os2-emx
configure:2632: checking for a BSD-compatible install
configure:2700: result: /@unixroot/usr/bin/install.exe -c
configure:2711: checking whether build environment is sane
configure:2766: result: yes
configure:2804: WARNING: 'missing' script is too old or missing
configure:2917: checking for a thread-safe mkdir -p
configure:2956: result: /@unixroot/usr/bin/mkdir.exe -p
configure:2963: checking for gawk
configure:2979: found /@unixroot/usr/bin/gawk
configure:2990: result: gawk
configure:3001: checking whether make sets $(MAKE)
configure:3023: result: yes
configure:3052: checking whether make supports nested variables
configure:3069: result: yes
configure:3188: checking whether grep returns status
configure:3200: result: yes
configure:3224: checking for emacs
configure:3254: result: no
configure:3224: checking for xemacs
configure:3254: result: no
configure:3275: checking where .elc files should go
configure:3304: result: ${datadir}/emacs/site-lisp
configure:3443: checking for gcc
configure:3459: found u:/emx/bin/gcc.exe
configure:3470: result: gcc
configure:3699: checking for C compiler version
configure:3708: gcc --version >&5
2.8.1
configure:3719: $? = 0
configure:3708: gcc -v >&5
Using builtin specs.
gcc version 2.8.1
configure:3719: $? = 0
configure:3708: gcc -V >&5
gcc: argument to `-V' is missing
configure:3719: $? = 1
configure:3708: gcc -qversion >&5
gcc: unrecognized option `-qversion'
gcc: No input files
configure:3719: $? = 1
configure:3739: checking whether the C compiler works
configure:3761: eval gcc -O2  -Iu -I/emx/include -I/usr/local/include  -Lu -L/emx/lib -L/usr/local/lib conftest.c  >&5
configure:3765: $? = 0
configure:3813: result: yes
configure:3816: checking for C compiler default output file name
configure:3818: result: conftest.exe
configure:3824: checking for suffix of executables
configure:3831: eval gcc -o conftest.exe -O2  -Iu -I/emx/include -I/usr/local/include  -Lu -L/emx/lib -L/usr/local/lib conftest.c  >&5
configure:3835: $? = 0
configure:3857: result: .exe
configure:3879: checking whether we are cross compiling
configure:3887: eval gcc -o conftest.exe -O2  -Iu -I/emx/include -I/usr/local/include  -Lu -L/emx/lib -L/usr/local/lib conftest.c  >&5
configure:3891: $? = 0
configure:3898: ./conftest.exe
configure:3902: $? = 0
configure:3917: result: no
configure:3922: checking for suffix of object files
configure:3944: gcc -c -O2  -Iu -I/emx/include -I/usr/local/include conftest.c >&5
configure:3948: $? = 0
configure:3969: result: o
configure:3973: checking whether we are using the GNU C compiler
configure:3992: gcc -c -O2  -Iu -I/emx/include -I/usr/local/include conftest.c >&5
configure:3992: $? = 0
configure:4001: result: yes
configure:4010: checking whether gcc accepts -g
configure:4030: gcc -c -O2 -g  -Iu -I/emx/include -I/usr/local/include conftest.c >&5
configure:4030: $? = 0
configure:4071: result: yes
configure:4088: checking for gcc option to accept ISO C89
configure:4151: gcc  -c -O2  -Iu -I/emx/include -I/usr/local/include conftest.c >&5
configure:4151: $? = 0
configure:4164: result: none needed
configure:4189: checking whether gcc understands -c and -o together
configure:4211: gcc -c conftest.c -o conftest2.o
configure:4214: $? = 0
configure:4211: gcc -c conftest.c -o conftest2.o
configure:4214: $? = 0
configure:4226: result: yes
configure:4246: checking whether make supports the include directive
configure:4261: make -f confmf.GNU && cat confinc.out
this is the am__doit target
configure:4264: $? = 0
configure:4283: result: yes (GNU style)
configure:4308: checking dependency style of gcc
configure:4419: result: none
configure:4478: checking for ranlib
configure:4494: found /@unixroot/usr/bin/ranlib.exe
configure:4505: result: ranlib
configure:4527: checking whether ln -s works
configure:4531: result: yes
configure:4538: checking whether -rdynamic option is recognized
configure:4564: result: no
configure:4659: checking for sqrt in -lm
configure:4684: eval gcc -o conftest.exe -O2  -Iu -I/emx/include -I/usr/local/include  -Lu -L/emx/lib -L/usr/local/lib conftest.c -lm   >&5
conftest.c:16: warning: conflicting types for built-in function `sqrt'
configure:4684: $? = 0
configure:4693: result: yes
configure:4704: checking for socket in -lsocket
configure:4729: eval gcc -o conftest.exe -O2  -Iu -I/emx/include -I/usr/local/include  -Lu -L/emx/lib -L/usr/local/lib conftest.c -lsocket  -lm  >&5
configure:4729: $? = 0
configure:4738: result: yes
configure:4749: checking for dlopen in -ldl
configure:4774: eval gcc -o conftest.exe -O2  -Iu -I/emx/include -I/usr/local/include  -Lu -L/emx/lib -L/usr/local/lib conftest.c -ldl  -lsocket -lm  >&5
U:\EMX\BIN\ld.exe: No such file or directory for dl.a
configure:4774: $? = 1
configure: failed program was:
| /* confdefs.h */
| #define PACKAGE_NAME ""
| #define PACKAGE_TARNAME ""
| #define PACKAGE_VERSION ""
| #define PACKAGE_STRING ""
| #define PACKAGE_BUGREPORT ""
| #define PACKAGE_URL ""
| #define HAVE_LIBM 1
| #define HAVE_LIBSOCKET 1
| /* end confdefs.h.  */
| 
| /* Override any GCC internal prototype to avoid an error.
|    Use char because int might match the return type of a GCC
|    builtin and then its argument prototype would still apply.  */
| #ifdef __cplusplus
| extern "C"
| #endif
| char dlopen ();
| int
| main ()
| {
| return dlopen ();
|   ;
|   return 0;
| }
configure:4783: result: no
configure:4791: checking for gethostbyname
configure:4791: eval gcc -o conftest.exe -O2  -Iu -I/emx/include -I/usr/local/include  -Lu -L/emx/lib -L/usr/local/lib conftest.c -lsocket -lm  >&5
configure:4791: $? = 0
configure:4791: result: yes
configure:4851: checking how to run the C preprocessor
configure:4882: gcc -E  -Iu -I/emx/include -I/usr/local/include conftest.c
configure:4882: $? = 0
configure:4896: gcc -E  -Iu -I/emx/include -I/usr/local/include conftest.c
conftest.c:12: ac_nonexistent.h: No such file or directory
configure:4896: $? = 1
configure: failed program was:
| /* confdefs.h */
| #define PACKAGE_NAME ""
| #define PACKAGE_TARNAME ""
| #define PACKAGE_VERSION ""
| #define PACKAGE_STRING ""
| #define PACKAGE_BUGREPORT ""
| #define PACKAGE_URL ""
| #define HAVE_LIBM 1
| #define HAVE_LIBSOCKET 1
| #define HAVE_GETHOSTBYNAME 1
| /* end confdefs.h.  */
| #include <ac_nonexistent.h>
configure:4921: result: gcc -E
configure:4941: gcc -E  -Iu -I/emx/include -I/usr/local/include conftest.c
configure:4941: $? = 0
configure:4955: gcc -E  -Iu -I/emx/include -I/usr/local/include conftest.c
conftest.c:12: ac_nonexistent.h: No such file or directory
configure:4955: $? = 1
configure: failed program was:
| /* confdefs.h */
| #define PACKAGE_NAME ""
| #define PACKAGE_TARNAME ""
| #define PACKAGE_VERSION ""
| #define PACKAGE_STRING ""
| #define PACKAGE_BUGREPORT ""
| #define PACKAGE_URL ""
| #define HAVE_LIBM 1
| #define HAVE_LIBSOCKET 1
| #define HAVE_GETHOSTBYNAME 1
| /* end confdefs.h.  */
| #include <ac_nonexistent.h>
configure:4984: checking for X
configure:5092: gcc -E  -Iu -I/emx/include -I/usr/local/include conftest.c
conftest.c:12: X11/Xlib.h: No such file or directory
configure:5092: $? = 1
configure: failed program was:
| /* confdefs.h */
| #define PACKAGE_NAME ""
| #define PACKAGE_TARNAME ""
| #define PACKAGE_VERSION ""
| #define PACKAGE_STRING ""
| #define PACKAGE_BUGREPORT ""
| #define PACKAGE_URL ""
| #define HAVE_LIBM 1
| #define HAVE_LIBSOCKET 1
| #define HAVE_GETHOSTBYNAME 1
| /* end confdefs.h.  */
| #include <X11/Xlib.h>
configure:5123: eval gcc -o conftest.exe -O2  -Iu -I/emx/include -I/usr/local/include  -Lu -L/emx/lib -L/usr/local/lib conftest.c -lX11 -lsocket -lm  >&5
conftest.c:12: X11/Xlib.h: No such file or directory
configure:5123: $? = 1
configure: failed program was:
| /* confdefs.h */
| #define PACKAGE_NAME ""
| #define PACKAGE_TARNAME ""
| #define PACKAGE_VERSION ""
| #define PACKAGE_STRING ""
| #define PACKAGE_BUGREPORT ""
| #define PACKAGE_URL ""
| #define HAVE_LIBM 1
| #define HAVE_LIBSOCKET 1
| #define HAVE_GETHOSTBYNAME 1
| /* end confdefs.h.  */
| #include <X11/Xlib.h>
| int
| main ()
| {
| XrmInitialize ()
|   ;
|   return 0;
| }
configure:5162: result: no
configure:5674: WARNING: Could not configure X
configure:6138: checking for dirent.h that defines DIR
configure:6157: gcc -c -O2  -Iu -I/emx/include -I/usr/local/include conftest.c >&5
configure:6157: $? = 0
configure:6165: result: yes
configure:6178: checking for library containing opendir
configure:6209: eval gcc -o conftest.exe -O2  -Iu -I/emx/include -I/usr/local/include  -Lu -L/emx/lib -L/usr/local/lib conftest.c -lsocket -lm  >&5
configure:6209: $? = 0
configure:6226: result: none required
configure:6293: checking for grep that handles long lines and -e
configure:6351: result: /@unixroot/usr/bin/grep.exe
configure:6356: checking for egrep
configure:6418: result: /@unixroot/usr/bin/grep.exe -E
configure:6423: checking for ANSI C header files
configure:6443: gcc -c -O2  -Iu -I/emx/include -I/usr/local/include conftest.c >&5
configure:6443: $? = 0
configure:6516: eval gcc -o conftest.exe -O2  -Iu -I/emx/include -I/usr/local/include  -Lu -L/emx/lib -L/usr/local/lib conftest.c -lsocket -lm  >&5
configure:6516: $? = 0
configure:6516: ./conftest.exe
configure:6516: $? = 0
configure:6527: result: yes
configure:6535: checking for sys/wait.h that is POSIX.1 compatible
configure:6561: gcc -c -O2  -Iu -I/emx/include -I/usr/local/include conftest.c >&5
configure:6561: $? = 0
configure:6568: result: yes
configure:6581: checking for sys/types.h
configure:6581: gcc -c -O2  -Iu -I/emx/include -I/usr/local/include conftest.c >&5
configure:6581: $? = 0
configure:6581: result: yes
configure:6581: checking for sys/stat.h
configure:6581: gcc -c -O2  -Iu -I/emx/include -I/usr/local/include conftest.c >&5
configure:6581: $? = 0
configure:6581: result: yes
configure:6581: checking for stdlib.h
configure:6581: gcc -c -O2  -Iu -I/emx/include -I/usr/local/include conftest.c >&5
configure:6581: $? = 0
configure:6581: result: yes
configure:6581: checking for string.h
configure:6581: gcc -c -O2  -Iu -I/emx/include -I/usr/local/include conftest.c >&5
configure:6581: $? = 0
configure:6581: result: yes
configure:6581: checking for memory.h
configure:6581: gcc -c -O2  -Iu -I/emx/include -I/usr/local/include conftest.c >&5
configure:6581: $? = 0
configure:6581: result: yes
configure:6581: checking for strings.h
configure:6581: gcc -c -O2  -Iu -I/emx/include -I/usr/local/include conftest.c >&5
configure:6581: $? = 0
configure:6581: result: yes
configure:6581: checking for inttypes.h
configure:6581: gcc -c -O2  -Iu -I/emx/include -I/usr/local/include conftest.c >&5
In file included from conftest.c:56:
\usr\include\inttypes.h:48: parse error before `__pure2'
\usr\include\inttypes.h:48: warning: data definition has no type or storage class
\usr\include\inttypes.h:49: parse error before `__pure2'
\usr\include\inttypes.h:49: warning: data definition has no type or storage class
\usr\include\inttypes.h:51: conflicting types for `__restrict'
\usr\include\inttypes.h:51: previous declaration of `__restrict'
\usr\include\inttypes.h:52: conflicting types for `__restrict'
\usr\include\inttypes.h:52: previous declaration of `__restrict'
\usr\include\inttypes.h:54: conflicting types for `__restrict'
\usr\include\inttypes.h:53: previous declaration of `__restrict'
\usr\include\inttypes.h:56: conflicting types for `__restrict'
\usr\include\inttypes.h:55: previous declaration of `__restrict'
configure:6581: $? = 1
configure: failed program was:
| /* confdefs.h */
| #define PACKAGE_NAME ""
| #define PACKAGE_TARNAME ""
| #define PACKAGE_VERSION ""
| #define PACKAGE_STRING ""
| #define PACKAGE_BUGREPORT ""
| #define PACKAGE_URL ""
| #define HAVE_LIBM 1
| #define HAVE_LIBSOCKET 1
| #define HAVE_GETHOSTBYNAME 1
| #define X_DISPLAY_MISSING 1
| #define HAVE_DIRENT_H 1
| #define STDC_HEADERS 1
| #define HAVE_SYS_WAIT_H 1
| #define HAVE_SYS_TYPES_H 1
| #define HAVE_SYS_STAT_H 1
| #define HAVE_STDLIB_H 1
| #define HAVE_STRING_H 1
| #define HAVE_MEMORY_H 1
| #define HAVE_STRINGS_H 1
| /* end confdefs.h.  */
| #include <stdio.h>
| #ifdef HAVE_SYS_TYPES_H
| # include <sys/types.h>
| #endif
| #ifdef HAVE_SYS_STAT_H
| # include <sys/stat.h>
| #endif
| #ifdef STDC_HEADERS
| # include <stdlib.h>
| # include <stddef.h>
| #else
| # ifdef HAVE_STDLIB_H
| #  include <stdlib.h>
| # endif
| #endif
| #ifdef HAVE_STRING_H
| # if !defined STDC_HEADERS && defined HAVE_MEMORY_H
| #  include <memory.h>
| # endif
| # include <string.h>
| #endif
| #ifdef HAVE_STRINGS_H
| # include <strings.h>
| #endif
| #ifdef HAVE_INTTYPES_H
| # include <inttypes.h>
| #endif
| #ifdef HAVE_STDINT_H
| # include <stdint.h>
| #endif
| #ifdef HAVE_UNISTD_H
| # include <unistd.h>
| #endif
| 
| #include <inttypes.h>
configure:6581: result: no
configure:6581: checking for stdint.h
configure:6581: gcc -c -O2  -Iu -I/emx/include -I/usr/local/include conftest.c >&5
configure:6581: $? = 0
configure:6581: result: yes
configure:6581: checking for unistd.h
configure:6581: gcc -c -O2  -Iu -I/emx/include -I/usr/local/include conftest.c >&5
configure:6581: $? = 0
configure:6581: result: yes
configure:6600: checking fcntl.h usability
configure:6600: gcc -c -O2  -Iu -I/emx/include -I/usr/local/include conftest.c >&5
configure:6600: $? = 0
configure:6600: result: yes
configure:6600: checking fcntl.h presence
configure:6600: gcc -E  -Iu -I/emx/include -I/usr/local/include conftest.c
configure:6600: $? = 0
configure:6600: result: yes
configure:6600: checking for fcntl.h
configure:6600: result: yes
configure:6600: checking limits.h usability
configure:6600: gcc -c -O2  -Iu -I/emx/include -I/usr/local/include conftest.c >&5
configure:6600: $? = 0
configure:6600: result: yes
configure:6600: checking limits.h presence
configure:6600: gcc -E  -Iu -I/emx/include -I/usr/local/include conftest.c
configure:6600: $? = 0
configure:6600: result: yes
configure:6600: checking for limits.h
configure:6600: result: yes
configure:6600: checking malloc.h usability
configure:6600: gcc -c -O2  -Iu -I/emx/include -I/usr/local/include conftest.c >&5
configure:6600: $? = 0
configure:6600: result: yes
configure:6600: checking malloc.h presence
configure:6600: gcc -E  -Iu -I/emx/include -I/usr/local/include conftest.c
configure:6600: $? = 0
configure:6600: result: yes
configure:6600: checking for malloc.h
configure:6600: result: yes
configure:6600: checking for strings.h
configure:6600: result: yes
configure:6600: checking sys/ioctl.h usability
configure:6600: gcc -c -O2  -Iu -I/emx/include -I/usr/local/include conftest.c >&5
configure:6600: $? = 0
configure:6600: result: yes
configure:6600: checking sys/ioctl.h presence
configure:6600: gcc -E  -Iu -I/emx/include -I/usr/local/include conftest.c
configure:6600: $? = 0
configure:6600: result: yes
configure:6600: checking for sys/ioctl.h
configure:6600: result: yes
configure:6600: checking sys/time.h usability
configure:6600: gcc -c -O2  -Iu -I/emx/include -I/usr/local/include conftest.c >&5
configure:6600: $? = 0
configure:6600: result: yes
configure:6600: checking sys/time.h presence
configure:6600: gcc -E  -Iu -I/emx/include -I/usr/local/include conftest.c
configure:6600: $? = 0
configure:6600: result: yes
configure:6600: checking for sys/time.h
configure:6600: result: yes
configure:6600: checking for unistd.h
configure:6600: result: yes
configure:6600: checking dlfcn.h usability
configure:6600: gcc -c -O2  -Iu -I/emx/include -I/usr/local/include conftest.c >&5
configure:6600: $? = 0
configure:6600: result: yes
configure:6600: checking dlfcn.h presence
configure:6600: gcc -E  -Iu -I/emx/include -I/usr/local/include conftest.c
configure:6600: $? = 0
configure:6600: result: yes
configure:6600: checking for dlfcn.h
configure:6600: result: yes
configure:6600: checking glob.h usability
configure:6600: gcc -c -O2  -Iu -I/emx/include -I/usr/local/include conftest.c >&5
configure:6600: $? = 0
configure:6600: result: yes
configure:6600: checking glob.h presence
configure:6600: gcc -E  -Iu -I/emx/include -I/usr/local/include conftest.c
configure:6600: $? = 0
configure:6600: result: yes
configure:6600: checking for glob.h
configure:6600: result: yes
configure:6600: checking getopt.h usability
configure:6600: gcc -c -O2  -Iu -I/emx/include -I/usr/local/include conftest.c >&5
configure:6600: $? = 0
configure:6600: result: yes
configure:6600: checking getopt.h presence
configure:6600: gcc -E  -Iu -I/emx/include -I/usr/local/include conftest.c
configure:6600: $? = 0
configure:6600: result: yes
configure:6600: checking for getopt.h
configure:6600: result: yes
configure:6600: checking errno.h usability
configure:6600: gcc -c -O2  -Iu -I/emx/include -I/usr/local/include conftest.c >&5
configure:6600: $? = 0
configure:6600: result: yes
configure:6600: checking errno.h presence
configure:6600: gcc -E  -Iu -I/emx/include -I/usr/local/include conftest.c
configure:6600: $? = 0
configure:6600: result: yes
configure:6600: checking for errno.h
configure:6600: result: yes
configure:6600: checking machine/endian.h usability
configure:6600: gcc -c -O2  -Iu -I/emx/include -I/usr/local/include conftest.c >&5
configure:6600: $? = 0
configure:6600: result: yes
configure:6600: checking machine/endian.h presence
configure:6600: gcc -E  -Iu -I/emx/include -I/usr/local/include conftest.c
configure:6600: $? = 0
configure:6600: result: yes
configure:6600: checking for machine/endian.h
configure:6600: result: yes
configure:6600: checking stropts.h usability
configure:6600: gcc -c -O2  -Iu -I/emx/include -I/usr/local/include conftest.c >&5
conftest.c:69: stropts.h: No such file or directory
configure:6600: $? = 1
configure: failed program was:
| /* confdefs.h */
| #define PACKAGE_NAME ""
| #define PACKAGE_TARNAME ""
| #define PACKAGE_VERSION ""
| #define PACKAGE_STRING ""
| #define PACKAGE_BUGREPORT ""
| #define PACKAGE_URL ""
| #define HAVE_LIBM 1
| #define HAVE_LIBSOCKET 1
| #define HAVE_GETHOSTBYNAME 1
| #define X_DISPLAY_MISSING 1
| #define HAVE_DIRENT_H 1
| #define STDC_HEADERS 1
| #define HAVE_SYS_WAIT_H 1
| #define HAVE_SYS_TYPES_H 1
| #define HAVE_SYS_STAT_H 1
| #define HAVE_STDLIB_H 1
| #define HAVE_STRING_H 1
| #define HAVE_MEMORY_H 1
| #define HAVE_STRINGS_H 1
| #define HAVE_STDINT_H 1
| #define HAVE_UNISTD_H 1
| #define HAVE_FCNTL_H 1
| #define HAVE_LIMITS_H 1
| #define HAVE_MALLOC_H 1
| #define HAVE_STRINGS_H 1
| #define HAVE_SYS_IOCTL_H 1
| #define HAVE_SYS_TIME_H 1
| #define HAVE_UNISTD_H 1
| #define HAVE_DLFCN_H 1
| #define HAVE_GLOB_H 1
| #define HAVE_GETOPT_H 1
| #define HAVE_ERRNO_H 1
| #define HAVE_MACHINE_ENDIAN_H 1
| /* end confdefs.h.  */
| #include <stdio.h>
| #ifdef HAVE_SYS_TYPES_H
| # include <sys/types.h>
| #endif
| #ifdef HAVE_SYS_STAT_H
| # include <sys/stat.h>
| #endif
| #ifdef STDC_HEADERS
| # include <stdlib.h>
| # include <stddef.h>
| #else
| # ifdef HAVE_STDLIB_H
| #  include <stdlib.h>
| # endif
| #endif
| #ifdef HAVE_STRING_H
| # if !defined STDC_HEADERS && defined HAVE_MEMORY_H
| #  include <memory.h>
| # endif
| # include <string.h>
| #endif
| #ifdef HAVE_STRINGS_H
| # include <strings.h>
| #endif
| #ifdef HAVE_INTTYPES_H
| # include <inttypes.h>
| #endif
| #ifdef HAVE_STDINT_H
| # include <stdint.h>
| #endif
| #ifdef HAVE_UNISTD_H
| # include <unistd.h>
| #endif
| #include <stropts.h>
configure:6600: result: no
configure:6600: checking stropts.h presence
configure:6600: gcc -E  -Iu -I/emx/include -I/usr/local/include conftest.c
conftest.c:36: stropts.h: No such file or directory
configure:6600: $? = 1
configure: failed program was:
| /* confdefs.h */
| #define PACKAGE_NAME ""
| #define PACKAGE_TARNAME ""
| #define PACKAGE_VERSION ""
| #define PACKAGE_STRING ""
| #define PACKAGE_BUGREPORT ""
| #define PACKAGE_URL ""
| #define HAVE_LIBM 1
| #define HAVE_LIBSOCKET 1
| #define HAVE_GETHOSTBYNAME 1
| #define X_DISPLAY_MISSING 1
| #define HAVE_DIRENT_H 1
| #define STDC_HEADERS 1
| #define HAVE_SYS_WAIT_H 1
| #define HAVE_SYS_TYPES_H 1
| #define HAVE_SYS_STAT_H 1
| #define HAVE_STDLIB_H 1
| #define HAVE_STRING_H 1
| #define HAVE_MEMORY_H 1
| #define HAVE_STRINGS_H 1
| #define HAVE_STDINT_H 1
| #define HAVE_UNISTD_H 1
| #define HAVE_FCNTL_H 1
| #define HAVE_LIMITS_H 1
| #define HAVE_MALLOC_H 1
| #define HAVE_STRINGS_H 1
| #define HAVE_SYS_IOCTL_H 1
| #define HAVE_SYS_TIME_H 1
| #define HAVE_UNISTD_H 1
| #define HAVE_DLFCN_H 1
| #define HAVE_GLOB_H 1
| #define HAVE_GETOPT_H 1
| #define HAVE_ERRNO_H 1
| #define HAVE_MACHINE_ENDIAN_H 1
| /* end confdefs.h.  */
| #include <stropts.h>
configure:6600: result: no
configure:6600: checking for stropts.h
configure:6600: result: no
configure:6600: checking sys/audioio.h usability
configure:6600: gcc -c -O2  -Iu -I/emx/include -I/usr/local/include conftest.c >&5
conftest.c:69: sys/audioio.h: No such file or directory
configure:6600: $? = 1
configure: failed program was:
| /* confdefs.h */
| #define PACKAGE_NAME ""
| #define PACKAGE_TARNAME ""
| #define PACKAGE_VERSION ""
| #define PACKAGE_STRING ""
| #define PACKAGE_BUGREPORT ""
| #define PACKAGE_URL ""
| #define HAVE_LIBM 1
| #define HAVE_LIBSOCKET 1
| #define HAVE_GETHOSTBYNAME 1
| #define X_DISPLAY_MISSING 1
| #define HAVE_DIRENT_H 1
| #define STDC_HEADERS 1
| #define HAVE_SYS_WAIT_H 1
| #define HAVE_SYS_TYPES_H 1
| #define HAVE_SYS_STAT_H 1
| #define HAVE_STDLIB_H 1
| #define HAVE_STRING_H 1
| #define HAVE_MEMORY_H 1
| #define HAVE_STRINGS_H 1
| #define HAVE_STDINT_H 1
| #define HAVE_UNISTD_H 1
| #define HAVE_FCNTL_H 1
| #define HAVE_LIMITS_H 1
| #define HAVE_MALLOC_H 1
| #define HAVE_STRINGS_H 1
| #define HAVE_SYS_IOCTL_H 1
| #define HAVE_SYS_TIME_H 1
| #define HAVE_UNISTD_H 1
| #define HAVE_DLFCN_H 1
| #define HAVE_GLOB_H 1
| #define HAVE_GETOPT_H 1
| #define HAVE_ERRNO_H 1
| #define HAVE_MACHINE_ENDIAN_H 1
| /* end confdefs.h.  */
| #include <stdio.h>
| #ifdef HAVE_SYS_TYPES_H
| # include <sys/types.h>
| #endif
| #ifdef HAVE_SYS_STAT_H
| # include <sys/stat.h>
| #endif
| #ifdef STDC_HEADERS
| # include <stdlib.h>
| # include <stddef.h>
| #else
| # ifdef HAVE_STDLIB_H
| #  include <stdlib.h>
| # endif
| #endif
| #ifdef HAVE_STRING_H
| # if !defined STDC_HEADERS && defined HAVE_MEMORY_H
| #  include <memory.h>
| # endif
| # include <string.h>
| #endif
| #ifdef HAVE_STRINGS_H
| # include <strings.h>
| #endif
| #ifdef HAVE_INTTYPES_H
| # include <inttypes.h>
| #endif
| #ifdef HAVE_STDINT_H
| # include <stdint.h>
| #endif
| #ifdef HAVE_UNISTD_H
| # include <unistd.h>
| #endif
| #include <sys/audioio.h>
configure:6600: result: no
configure:6600: checking sys/audioio.h presence
configure:6600: gcc -E  -Iu -I/emx/include -I/usr/local/include conftest.c
conftest.c:36: sys/audioio.h: No such file or directory
configure:6600: $? = 1
configure: failed program was:
| /* confdefs.h */
| #define PACKAGE_NAME ""
| #define PACKAGE_TARNAME ""
| #define PACKAGE_VERSION ""
| #define PACKAGE_STRING ""
| #define PACKAGE_BUGREPORT ""
| #define PACKAGE_URL ""
| #define HAVE_LIBM 1
| #define HAVE_LIBSOCKET 1
| #define HAVE_GETHOSTBYNAME 1
| #define X_DISPLAY_MISSING 1
| #define HAVE_DIRENT_H 1
| #define STDC_HEADERS 1
| #define HAVE_SYS_WAIT_H 1
| #define HAVE_SYS_TYPES_H 1
| #define HAVE_SYS_STAT_H 1
| #define HAVE_STDLIB_H 1
| #define HAVE_STRING_H 1
| #define HAVE_MEMORY_H 1
| #define HAVE_STRINGS_H 1
| #define HAVE_STDINT_H 1
| #define HAVE_UNISTD_H 1
| #define HAVE_FCNTL_H 1
| #define HAVE_LIMITS_H 1
| #define HAVE_MALLOC_H 1
| #define HAVE_STRINGS_H 1
| #define HAVE_SYS_IOCTL_H 1
| #define HAVE_SYS_TIME_H 1
| #define HAVE_UNISTD_H 1
| #define HAVE_DLFCN_H 1
| #define HAVE_GLOB_H 1
| #define HAVE_GETOPT_H 1
| #define HAVE_ERRNO_H 1
| #define HAVE_MACHINE_ENDIAN_H 1
| /* end confdefs.h.  */
| #include <sys/audioio.h>
configure:6600: result: no
configure:6600: checking for sys/audioio.h
configure:6600: result: no
configure:6600: checking sun/audioio.h usability
configure:6600: gcc -c -O2  -Iu -I/emx/include -I/usr/local/include conftest.c >&5
conftest.c:69: sun/audioio.h: No such file or directory
configure:6600: $? = 1
configure: failed program was:
| /* confdefs.h */
| #define PACKAGE_NAME ""
| #define PACKAGE_TARNAME ""
| #define PACKAGE_VERSION ""
| #define PACKAGE_STRING ""
| #define PACKAGE_BUGREPORT ""
| #define PACKAGE_URL ""
| #define HAVE_LIBM 1
| #define HAVE_LIBSOCKET 1
| #define HAVE_GETHOSTBYNAME 1
| #define X_DISPLAY_MISSING 1
| #define HAVE_DIRENT_H 1
| #define STDC_HEADERS 1
| #define HAVE_SYS_WAIT_H 1
| #define HAVE_SYS_TYPES_H 1
| #define HAVE_SYS_STAT_H 1
| #define HAVE_STDLIB_H 1
| #define HAVE_STRING_H 1
| #define HAVE_MEMORY_H 1
| #define HAVE_STRINGS_H 1
| #define HAVE_STDINT_H 1
| #define HAVE_UNISTD_H 1
| #define HAVE_FCNTL_H 1
| #define HAVE_LIMITS_H 1
| #define HAVE_MALLOC_H 1
| #define HAVE_STRINGS_H 1
| #define HAVE_SYS_IOCTL_H 1
| #define HAVE_SYS_TIME_H 1
| #define HAVE_UNISTD_H 1
| #define HAVE_DLFCN_H 1
| #define HAVE_GLOB_H 1
| #define HAVE_GETOPT_H 1
| #define HAVE_ERRNO_H 1
| #define HAVE_MACHINE_ENDIAN_H 1
| /* end confdefs.h.  */
| #include <stdio.h>
| #ifdef HAVE_SYS_TYPES_H
| # include <sys/types.h>
| #endif
| #ifdef HAVE_SYS_STAT_H
| # include <sys/stat.h>
| #endif
| #ifdef STDC_HEADERS
| # include <stdlib.h>
| # include <stddef.h>
| #else
| # ifdef HAVE_STDLIB_H
| #  include <stdlib.h>
| # endif
| #endif
| #ifdef HAVE_STRING_H
| # if !defined STDC_HEADERS && defined HAVE_MEMORY_H
| #  include <memory.h>
| # endif
| # include <string.h>
| #endif
| #ifdef HAVE_STRINGS_H
| # include <strings.h>
| #endif
| #ifdef HAVE_INTTYPES_H
| # include <inttypes.h>
| #endif
| #ifdef HAVE_STDINT_H
| # include <stdint.h>
| #endif
| #ifdef HAVE_UNISTD_H
| # include <unistd.h>
| #endif
| #include <sun/audioio.h>
configure:6600: result: no
configure:6600: checking sun/audioio.h presence
configure:6600: gcc -E  -Iu -I/emx/include -I/usr/local/include conftest.c
conftest.c:36: sun/audioio.h: No such file or directory
configure:6600: $? = 1
configure: failed program was:
| /* confdefs.h */
| #define PACKAGE_NAME ""
| #define PACKAGE_TARNAME ""
| #define PACKAGE_VERSION ""
| #define PACKAGE_STRING ""
| #define PACKAGE_BUGREPORT ""
| #define PACKAGE_URL ""
| #define HAVE_LIBM 1
| #define HAVE_LIBSOCKET 1
| #define HAVE_GETHOSTBYNAME 1
| #define X_DISPLAY_MISSING 1
| #define HAVE_DIRENT_H 1
| #define STDC_HEADERS 1
| #define HAVE_SYS_WAIT_H 1
| #define HAVE_SYS_TYPES_H 1
| #define HAVE_SYS_STAT_H 1
| #define HAVE_STDLIB_H 1
| #define HAVE_STRING_H 1
| #define HAVE_MEMORY_H 1
| #define HAVE_STRINGS_H 1
| #define HAVE_STDINT_H 1
| #define HAVE_UNISTD_H 1
| #define HAVE_FCNTL_H 1
| #define HAVE_LIMITS_H 1
| #define HAVE_MALLOC_H 1
| #define HAVE_STRINGS_H 1
| #define HAVE_SYS_IOCTL_H 1
| #define HAVE_SYS_TIME_H 1
| #define HAVE_UNISTD_H 1
| #define HAVE_DLFCN_H 1
| #define HAVE_GLOB_H 1
| #define HAVE_GETOPT_H 1
| #define HAVE_ERRNO_H 1
| #define HAVE_MACHINE_ENDIAN_H 1
| /* end confdefs.h.  */
| #include <sun/audioio.h>
configure:6600: result: no
configure:6600: checking for sun/audioio.h
configure:6600: result: no
configure:6600: checking for sys/types.h
configure:6600: result: yes
configure:6600: checking sys/ipc.h usability
configure:6600: gcc -c -O2  -Iu -I/emx/include -I/usr/local/include conftest.c >&5
configure:6600: $? = 0
configure:6600: result: yes
configure:6600: checking sys/ipc.h presence
configure:6600: gcc -E  -Iu -I/emx/include -I/usr/local/include conftest.c
configure:6600: $? = 0
configure:6600: result: yes
configure:6600: checking for sys/ipc.h
configure:6600: result: yes
configure:6600: checking sys/shm.h usability
configure:6600: gcc -c -O2  -Iu -I/emx/include -I/usr/local/include conftest.c >&5
In file included from conftest.c:71:
\usr\include\sys/shm.h:152: conflicting types for `size_t'
\emx\include\stdio.h:12: previous declaration of `size_t'
configure:6600: $? = 1
configure: failed program was:
| /* confdefs.h */
| #define PACKAGE_NAME ""
| #define PACKAGE_TARNAME ""
| #define PACKAGE_VERSION ""
| #define PACKAGE_STRING ""
| #define PACKAGE_BUGREPORT ""
| #define PACKAGE_URL ""
| #define HAVE_LIBM 1
| #define HAVE_LIBSOCKET 1
| #define HAVE_GETHOSTBYNAME 1
| #define X_DISPLAY_MISSING 1
| #define HAVE_DIRENT_H 1
| #define STDC_HEADERS 1
| #define HAVE_SYS_WAIT_H 1
| #define HAVE_SYS_TYPES_H 1
| #define HAVE_SYS_STAT_H 1
| #define HAVE_STDLIB_H 1
| #define HAVE_STRING_H 1
| #define HAVE_MEMORY_H 1
| #define HAVE_STRINGS_H 1
| #define HAVE_STDINT_H 1
| #define HAVE_UNISTD_H 1
| #define HAVE_FCNTL_H 1
| #define HAVE_LIMITS_H 1
| #define HAVE_MALLOC_H 1
| #define HAVE_STRINGS_H 1
| #define HAVE_SYS_IOCTL_H 1
| #define HAVE_SYS_TIME_H 1
| #define HAVE_UNISTD_H 1
| #define HAVE_DLFCN_H 1
| #define HAVE_GLOB_H 1
| #define HAVE_GETOPT_H 1
| #define HAVE_ERRNO_H 1
| #define HAVE_MACHINE_ENDIAN_H 1
| #define HAVE_SYS_TYPES_H 1
| #define HAVE_SYS_IPC_H 1
| /* end confdefs.h.  */
| #include <stdio.h>
| #ifdef HAVE_SYS_TYPES_H
| # include <sys/types.h>
| #endif
| #ifdef HAVE_SYS_STAT_H
| # include <sys/stat.h>
| #endif
| #ifdef STDC_HEADERS
| # include <stdlib.h>
| # include <stddef.h>
| #else
| # ifdef HAVE_STDLIB_H
| #  include <stdlib.h>
| # endif
| #endif
| #ifdef HAVE_STRING_H
| # if !defined STDC_HEADERS && defined HAVE_MEMORY_H
| #  include <memory.h>
| # endif
| # include <string.h>
| #endif
| #ifdef HAVE_STRINGS_H
| # include <strings.h>
| #endif
| #ifdef HAVE_INTTYPES_H
| # include <inttypes.h>
| #endif
| #ifdef HAVE_STDINT_H
| # include <stdint.h>
| #endif
| #ifdef HAVE_UNISTD_H
| # include <unistd.h>
| #endif
| #include <sys/shm.h>
configure:6600: result: no
configure:6600: checking sys/shm.h presence
configure:6600: gcc -E  -Iu -I/emx/include -I/usr/local/include conftest.c
configure:6600: $? = 0
configure:6600: result: yes
configure:6600: WARNING: sys/shm.h: present but cannot be compiled
configure:6600: WARNING: sys/shm.h:     check for missing prerequisite headers?
configure:6600: WARNING: sys/shm.h: see the Autoconf documentation
configure:6600: WARNING: sys/shm.h:     section "Present But Cannot Be Compiled"
configure:6600: WARNING: sys/shm.h: proceeding with the compiler's result
configure:6600: checking for sys/shm.h
configure:6600: result: no
configure:6600: checking sys/param.h usability
configure:6600: gcc -c -O2  -Iu -I/emx/include -I/usr/local/include conftest.c >&5
configure:6600: $? = 0
configure:6600: result: yes
configure:6600: checking sys/param.h presence
configure:6600: gcc -E  -Iu -I/emx/include -I/usr/local/include conftest.c
configure:6600: $? = 0
configure:6600: result: yes
configure:6600: checking for sys/param.h
configure:6600: result: yes
configure:6600: checking X11/extensions/XShm.h usability
configure:6600: gcc -c -O2  -Iu -I/emx/include -I/usr/local/include conftest.c >&5
conftest.c:72: X11/extensions/XShm.h: No such file or directory
configure:6600: $? = 1
configure: failed program was:
| /* confdefs.h */
| #define PACKAGE_NAME ""
| #define PACKAGE_TARNAME ""
| #define PACKAGE_VERSION ""
| #define PACKAGE_STRING ""
| #define PACKAGE_BUGREPORT ""
| #define PACKAGE_URL ""
| #define HAVE_LIBM 1
| #define HAVE_LIBSOCKET 1
| #define HAVE_GETHOSTBYNAME 1
| #define X_DISPLAY_MISSING 1
| #define HAVE_DIRENT_H 1
| #define STDC_HEADERS 1
| #define HAVE_SYS_WAIT_H 1
| #define HAVE_SYS_TYPES_H 1
| #define HAVE_SYS_STAT_H 1
| #define HAVE_STDLIB_H 1
| #define HAVE_STRING_H 1
| #define HAVE_MEMORY_H 1
| #define HAVE_STRINGS_H 1
| #define HAVE_STDINT_H 1
| #define HAVE_UNISTD_H 1
| #define HAVE_FCNTL_H 1
| #define HAVE_LIMITS_H 1
| #define HAVE_MALLOC_H 1
| #define HAVE_STRINGS_H 1
| #define HAVE_SYS_IOCTL_H 1
| #define HAVE_SYS_TIME_H 1
| #define HAVE_UNISTD_H 1
| #define HAVE_DLFCN_H 1
| #define HAVE_GLOB_H 1
| #define HAVE_GETOPT_H 1
| #define HAVE_ERRNO_H 1
| #define HAVE_MACHINE_ENDIAN_H 1
| #define HAVE_SYS_TYPES_H 1
| #define HAVE_SYS_IPC_H 1
| #define HAVE_SYS_PARAM_H 1
| /* end confdefs.h.  */
| #include <stdio.h>
| #ifdef HAVE_SYS_TYPES_H
| # include <sys/types.h>
| #endif
| #ifdef HAVE_SYS_STAT_H
| # include <sys/stat.h>
| #endif
| #ifdef STDC_HEADERS
| # include <stdlib.h>
| # include <stddef.h>
| #else
| # ifdef HAVE_STDLIB_H
| #  include <stdlib.h>
| # endif
| #endif
| #ifdef HAVE_STRING_H
| # if !defined STDC_HEADERS && defined HAVE_MEMORY_H
| #  include <memory.h>
| # endif
| # include <string.h>
| #endif
| #ifdef HAVE_STRINGS_H
| # include <strings.h>
| #endif
| #ifdef HAVE_INTTYPES_H
| # include <inttypes.h>
| #endif
| #ifdef HAVE_STDINT_H
| # include <stdint.h>
| #endif
| #ifdef HAVE_UNISTD_H
| # include <unistd.h>
| #endif
| #include <X11/extensions/XShm.h>
configure:6600: result: no
configure:6600: checking X11/extensions/XShm.h presence
configure:6600: gcc -E  -Iu -I/emx/include -I/usr/local/include conftest.c
conftest.c:39: X11/extensions/XShm.h: No such file or directory
configure:6600: $? = 1
configure: failed program was:
| /* confdefs.h */
| #define PACKAGE_NAME ""
| #define PACKAGE_TARNAME ""
| #define PACKAGE_VERSION ""
| #define PACKAGE_STRING ""
| #define PACKAGE_BUGREPORT ""
| #define PACKAGE_URL ""
| #define HAVE_LIBM 1
| #define HAVE_LIBSOCKET 1
| #define HAVE_GETHOSTBYNAME 1
| #define X_DISPLAY_MISSING 1
| #define HAVE_DIRENT_H 1
| #define STDC_HEADERS 1
| #define HAVE_SYS_WAIT_H 1
| #define HAVE_SYS_TYPES_H 1
| #define HAVE_SYS_STAT_H 1
| #define HAVE_STDLIB_H 1
| #define HAVE_STRING_H 1
| #define HAVE_MEMORY_H 1
| #define HAVE_STRINGS_H 1
| #define HAVE_STDINT_H 1
| #define HAVE_UNISTD_H 1
| #define HAVE_FCNTL_H 1
| #define HAVE_LIMITS_H 1
| #define HAVE_MALLOC_H 1
| #define HAVE_STRINGS_H 1
| #define HAVE_SYS_IOCTL_H 1
| #define HAVE_SYS_TIME_H 1
| #define HAVE_UNISTD_H 1
| #define HAVE_DLFCN_H 1
| #define HAVE_GLOB_H 1
| #define HAVE_GETOPT_H 1
| #define HAVE_ERRNO_H 1
| #define HAVE_MACHINE_ENDIAN_H 1
| #define HAVE_SYS_TYPES_H 1
| #define HAVE_SYS_IPC_H 1
| #define HAVE_SYS_PARAM_H 1
| /* end confdefs.h.  */
| #include <X11/extensions/XShm.h>
configure:6600: result: no
configure:6600: checking for X11/extensions/XShm.h
configure:6600: result: no
configure:6600: checking X11/Xmu/ExtAgent.h usability
configure:6600: gcc -c -O2  -Iu -I/emx/include -I/usr/local/include conftest.c >&5
conftest.c:72: X11/Xmu/ExtAgent.h: No such file or directory
configure:6600: $? = 1
configure: failed program was:
| /* confdefs.h */
| #define PACKAGE_NAME ""
| #define PACKAGE_TARNAME ""
| #define PACKAGE_VERSION ""
| #define PACKAGE_STRING ""
| #define PACKAGE_BUGREPORT ""
| #define PACKAGE_URL ""
| #define HAVE_LIBM 1
| #define HAVE_LIBSOCKET 1
| #define HAVE_GETHOSTBYNAME 1
| #define X_DISPLAY_MISSING 1
| #define HAVE_DIRENT_H 1
| #define STDC_HEADERS 1
| #define HAVE_SYS_WAIT_H 1
| #define HAVE_SYS_TYPES_H 1
| #define HAVE_SYS_STAT_H 1
| #define HAVE_STDLIB_H 1
| #define HAVE_STRING_H 1
| #define HAVE_MEMORY_H 1
| #define HAVE_STRINGS_H 1
| #define HAVE_STDINT_H 1
| #define HAVE_UNISTD_H 1
| #define HAVE_FCNTL_H 1
| #define HAVE_LIMITS_H 1
| #define HAVE_MALLOC_H 1
| #define HAVE_STRINGS_H 1
| #define HAVE_SYS_IOCTL_H 1
| #define HAVE_SYS_TIME_H 1
| #define HAVE_UNISTD_H 1
| #define HAVE_DLFCN_H 1
| #define HAVE_GLOB_H 1
| #define HAVE_GETOPT_H 1
| #define HAVE_ERRNO_H 1
| #define HAVE_MACHINE_ENDIAN_H 1
| #define HAVE_SYS_TYPES_H 1
| #define HAVE_SYS_IPC_H 1
| #define HAVE_SYS_PARAM_H 1
| /* end confdefs.h.  */
| #include <stdio.h>
| #ifdef HAVE_SYS_TYPES_H
| # include <sys/types.h>
| #endif
| #ifdef HAVE_SYS_STAT_H
| # include <sys/stat.h>
| #endif
| #ifdef STDC_HEADERS
| # include <stdlib.h>
| # include <stddef.h>
| #else
| # ifdef HAVE_STDLIB_H
| #  include <stdlib.h>
| # endif
| #endif
| #ifdef HAVE_STRING_H
| # if !defined STDC_HEADERS && defined HAVE_MEMORY_H
| #  include <memory.h>
| # endif
| # include <string.h>
| #endif
| #ifdef HAVE_STRINGS_H
| # include <strings.h>
| #endif
| #ifdef HAVE_INTTYPES_H
| # include <inttypes.h>
| #endif
| #ifdef HAVE_STDINT_H
| # include <stdint.h>
| #endif
| #ifdef HAVE_UNISTD_H
| # include <unistd.h>
| #endif
| #include <X11/Xmu/ExtAgent.h>
configure:6600: result: no
configure:6600: checking X11/Xmu/ExtAgent.h presence
configure:6600: gcc -E  -Iu -I/emx/include -I/usr/local/include conftest.c
conftest.c:39: X11/Xmu/ExtAgent.h: No such file or directory
configure:6600: $? = 1
configure: failed program was:
| /* confdefs.h */
| #define PACKAGE_NAME ""
| #define PACKAGE_TARNAME ""
| #define PACKAGE_VERSION ""
| #define PACKAGE_STRING ""
| #define PACKAGE_BUGREPORT ""
| #define PACKAGE_URL ""
| #define HAVE_LIBM 1
| #define HAVE_LIBSOCKET 1
| #define HAVE_GETHOSTBYNAME 1
| #define X_DISPLAY_MISSING 1
| #define HAVE_DIRENT_H 1
| #define STDC_HEADERS 1
| #define HAVE_SYS_WAIT_H 1
| #define HAVE_SYS_TYPES_H 1
| #define HAVE_SYS_STAT_H 1
| #define HAVE_STDLIB_H 1
| #define HAVE_STRING_H 1
| #define HAVE_MEMORY_H 1
| #define HAVE_STRINGS_H 1
| #define HAVE_STDINT_H 1
| #define HAVE_UNISTD_H 1
| #define HAVE_FCNTL_H 1
| #define HAVE_LIMITS_H 1
| #define HAVE_MALLOC_H 1
| #define HAVE_STRINGS_H 1
| #define HAVE_SYS_IOCTL_H 1
| #define HAVE_SYS_TIME_H 1
| #define HAVE_UNISTD_H 1
| #define HAVE_DLFCN_H 1
| #define HAVE_GLOB_H 1
| #define HAVE_GETOPT_H 1
| #define HAVE_ERRNO_H 1
| #define HAVE_MACHINE_ENDIAN_H 1
| #define HAVE_SYS_TYPES_H 1
| #define HAVE_SYS_IPC_H 1
| #define HAVE_SYS_PARAM_H 1
| /* end confdefs.h.  */
| #include <X11/Xmu/ExtAgent.h>
configure:6600: result: no
configure:6600: checking for X11/Xmu/ExtAgent.h
configure:6600: result: no
configure:6600: checking sys/soundcard.h usability
configure:6600: gcc -c -O2  -Iu -I/emx/include -I/usr/local/include conftest.c >&5
conftest.c:72: sys/soundcard.h: No such file or directory
configure:6600: $? = 1
configure: failed program was:
| /* confdefs.h */
| #define PACKAGE_NAME ""
| #define PACKAGE_TARNAME ""
| #define PACKAGE_VERSION ""
| #define PACKAGE_STRING ""
| #define PACKAGE_BUGREPORT ""
| #define PACKAGE_URL ""
| #define HAVE_LIBM 1
| #define HAVE_LIBSOCKET 1
| #define HAVE_GETHOSTBYNAME 1
| #define X_DISPLAY_MISSING 1
| #define HAVE_DIRENT_H 1
| #define STDC_HEADERS 1
| #define HAVE_SYS_WAIT_H 1
| #define HAVE_SYS_TYPES_H 1
| #define HAVE_SYS_STAT_H 1
| #define HAVE_STDLIB_H 1
| #define HAVE_STRING_H 1
| #define HAVE_MEMORY_H 1
| #define HAVE_STRINGS_H 1
| #define HAVE_STDINT_H 1
| #define HAVE_UNISTD_H 1
| #define HAVE_FCNTL_H 1
| #define HAVE_LIMITS_H 1
| #define HAVE_MALLOC_H 1
| #define HAVE_STRINGS_H 1
| #define HAVE_SYS_IOCTL_H 1
| #define HAVE_SYS_TIME_H 1
| #define HAVE_UNISTD_H 1
| #define HAVE_DLFCN_H 1
| #define HAVE_GLOB_H 1
| #define HAVE_GETOPT_H 1
| #define HAVE_ERRNO_H 1
| #define HAVE_MACHINE_ENDIAN_H 1
| #define HAVE_SYS_TYPES_H 1
| #define HAVE_SYS_IPC_H 1
| #define HAVE_SYS_PARAM_H 1
| /* end confdefs.h.  */
| #include <stdio.h>
| #ifdef HAVE_SYS_TYPES_H
| # include <sys/types.h>
| #endif
| #ifdef HAVE_SYS_STAT_H
| # include <sys/stat.h>
| #endif
| #ifdef STDC_HEADERS
| # include <stdlib.h>
| # include <stddef.h>
| #else
| # ifdef HAVE_STDLIB_H
| #  include <stdlib.h>
| # endif
| #endif
| #ifdef HAVE_STRING_H
| # if !defined STDC_HEADERS && defined HAVE_MEMORY_H
| #  include <memory.h>
| # endif
| # include <string.h>
| #endif
| #ifdef HAVE_STRINGS_H
| # include <strings.h>
| #endif
| #ifdef HAVE_INTTYPES_H
| # include <inttypes.h>
| #endif
| #ifdef HAVE_STDINT_H
| # include <stdint.h>
| #endif
| #ifdef HAVE_UNISTD_H
| # include <unistd.h>
| #endif
| #include <sys/soundcard.h>
configure:6600: result: no
configure:6600: checking sys/soundcard.h presence
configure:6600: gcc -E  -Iu -I/emx/include -I/usr/local/include conftest.c
conftest.c:39: sys/soundcard.h: No such file or directory
configure:6600: $? = 1
configure: failed program was:
| /* confdefs.h */
| #define PACKAGE_NAME ""
| #define PACKAGE_TARNAME ""
| #define PACKAGE_VERSION ""
| #define PACKAGE_STRING ""
| #define PACKAGE_BUGREPORT ""
| #define PACKAGE_URL ""
| #define HAVE_LIBM 1
| #define HAVE_LIBSOCKET 1
| #define HAVE_GETHOSTBYNAME 1
| #define X_DISPLAY_MISSING 1
| #define HAVE_DIRENT_H 1
| #define STDC_HEADERS 1
| #define HAVE_SYS_WAIT_H 1
| #define HAVE_SYS_TYPES_H 1
| #define HAVE_SYS_STAT_H 1
| #define HAVE_STDLIB_H 1
| #define HAVE_STRING_H 1
| #define HAVE_MEMORY_H 1
| #define HAVE_STRINGS_H 1
| #define HAVE_STDINT_H 1
| #define HAVE_UNISTD_H 1
| #define HAVE_FCNTL_H 1
| #define HAVE_LIMITS_H 1
| #define HAVE_MALLOC_H 1
| #define HAVE_STRINGS_H 1
| #define HAVE_SYS_IOCTL_H 1
| #define HAVE_SYS_TIME_H 1
| #define HAVE_UNISTD_H 1
| #define HAVE_DLFCN_H 1
| #define HAVE_GLOB_H 1
| #define HAVE_GETOPT_H 1
| #define HAVE_ERRNO_H 1
| #define HAVE_MACHINE_ENDIAN_H 1
| #define HAVE_SYS_TYPES_H 1
| #define HAVE_SYS_IPC_H 1
| #define HAVE_SYS_PARAM_H 1
| /* end confdefs.h.  */
| #include <sys/soundcard.h>
configure:6600: result: no
configure:6600: checking for sys/soundcard.h
configure:6600: result: no
configure:6600: checking soundcard.h usability
configure:6600: gcc -c -O2  -Iu -I/emx/include -I/usr/local/include conftest.c >&5
conftest.c:72: soundcard.h: No such file or directory
configure:6600: $? = 1
configure: failed program was:
| /* confdefs.h */
| #define PACKAGE_NAME ""
| #define PACKAGE_TARNAME ""
| #define PACKAGE_VERSION ""
| #define PACKAGE_STRING ""
| #define PACKAGE_BUGREPORT ""
| #define PACKAGE_URL ""
| #define HAVE_LIBM 1
| #define HAVE_LIBSOCKET 1
| #define HAVE_GETHOSTBYNAME 1
| #define X_DISPLAY_MISSING 1
| #define HAVE_DIRENT_H 1
| #define STDC_HEADERS 1
| #define HAVE_SYS_WAIT_H 1
| #define HAVE_SYS_TYPES_H 1
| #define HAVE_SYS_STAT_H 1
| #define HAVE_STDLIB_H 1
| #define HAVE_STRING_H 1
| #define HAVE_MEMORY_H 1
| #define HAVE_STRINGS_H 1
| #define HAVE_STDINT_H 1
| #define HAVE_UNISTD_H 1
| #define HAVE_FCNTL_H 1
| #define HAVE_LIMITS_H 1
| #define HAVE_MALLOC_H 1
| #define HAVE_STRINGS_H 1
| #define HAVE_SYS_IOCTL_H 1
| #define HAVE_SYS_TIME_H 1
| #define HAVE_UNISTD_H 1
| #define HAVE_DLFCN_H 1
| #define HAVE_GLOB_H 1
| #define HAVE_GETOPT_H 1
| #define HAVE_ERRNO_H 1
| #define HAVE_MACHINE_ENDIAN_H 1
| #define HAVE_SYS_TYPES_H 1
| #define HAVE_SYS_IPC_H 1
| #define HAVE_SYS_PARAM_H 1
| /* end confdefs.h.  */
| #include <stdio.h>
| #ifdef HAVE_SYS_TYPES_H
| # include <sys/types.h>
| #endif
| #ifdef HAVE_SYS_STAT_H
| # include <sys/stat.h>
| #endif
| #ifdef STDC_HEADERS
| # include <stdlib.h>
| # include <stddef.h>
| #else
| # ifdef HAVE_STDLIB_H
| #  include <stdlib.h>
| # endif
| #endif
| #ifdef HAVE_STRING_H
| # if !defined STDC_HEADERS && defined HAVE_MEMORY_H
| #  include <memory.h>
| # endif
| # include <string.h>
| #endif
| #ifdef HAVE_STRINGS_H
| # include <strings.h>
| #endif
| #ifdef HAVE_INTTYPES_H
| # include <inttypes.h>
| #endif
| #ifdef HAVE_STDINT_H
| # include <stdint.h>
| #endif
| #ifdef HAVE_UNISTD_H
| # include <unistd.h>
| #endif
| #include <soundcard.h>
configure:6600: result: no
configure:6600: checking soundcard.h presence
configure:6600: gcc -E  -Iu -I/emx/include -I/usr/local/include conftest.c
conftest.c:39: soundcard.h: No such file or directory
configure:6600: $? = 1
configure: failed program was:
| /* confdefs.h */
| #define PACKAGE_NAME ""
| #define PACKAGE_TARNAME ""
| #define PACKAGE_VERSION ""
| #define PACKAGE_STRING ""
| #define PACKAGE_BUGREPORT ""
| #define PACKAGE_URL ""
| #define HAVE_LIBM 1
| #define HAVE_LIBSOCKET 1
| #define HAVE_GETHOSTBYNAME 1
| #define X_DISPLAY_MISSING 1
| #define HAVE_DIRENT_H 1
| #define STDC_HEADERS 1
| #define HAVE_SYS_WAIT_H 1
| #define HAVE_SYS_TYPES_H 1
| #define HAVE_SYS_STAT_H 1
| #define HAVE_STDLIB_H 1
| #define HAVE_STRING_H 1
| #define HAVE_MEMORY_H 1
| #define HAVE_STRINGS_H 1
| #define HAVE_STDINT_H 1
| #define HAVE_UNISTD_H 1
| #define HAVE_FCNTL_H 1
| #define HAVE_LIMITS_H 1
| #define HAVE_MALLOC_H 1
| #define HAVE_STRINGS_H 1
| #define HAVE_SYS_IOCTL_H 1
| #define HAVE_SYS_TIME_H 1
| #define HAVE_UNISTD_H 1
| #define HAVE_DLFCN_H 1
| #define HAVE_GLOB_H 1
| #define HAVE_GETOPT_H 1
| #define HAVE_ERRNO_H 1
| #define HAVE_MACHINE_ENDIAN_H 1
| #define HAVE_SYS_TYPES_H 1
| #define HAVE_SYS_IPC_H 1
| #define HAVE_SYS_PARAM_H 1
| /* end confdefs.h.  */
| #include <soundcard.h>
configure:6600: result: no
configure:6600: checking for soundcard.h
configure:6600: result: no
configure:6600: checking sys/awe_voice.h usability
configure:6600: gcc -c -O2  -Iu -I/emx/include -I/usr/local/include conftest.c >&5
conftest.c:72: sys/awe_voice.h: No such file or directory
configure:6600: $? = 1
configure: failed program was:
| /* confdefs.h */
| #define PACKAGE_NAME ""
| #define PACKAGE_TARNAME ""
| #define PACKAGE_VERSION ""
| #define PACKAGE_STRING ""
| #define PACKAGE_BUGREPORT ""
| #define PACKAGE_URL ""
| #define HAVE_LIBM 1
| #define HAVE_LIBSOCKET 1
| #define HAVE_GETHOSTBYNAME 1
| #define X_DISPLAY_MISSING 1
| #define HAVE_DIRENT_H 1
| #define STDC_HEADERS 1
| #define HAVE_SYS_WAIT_H 1
| #define HAVE_SYS_TYPES_H 1
| #define HAVE_SYS_STAT_H 1
| #define HAVE_STDLIB_H 1
| #define HAVE_STRING_H 1
| #define HAVE_MEMORY_H 1
| #define HAVE_STRINGS_H 1
| #define HAVE_STDINT_H 1
| #define HAVE_UNISTD_H 1
| #define HAVE_FCNTL_H 1
| #define HAVE_LIMITS_H 1
| #define HAVE_MALLOC_H 1
| #define HAVE_STRINGS_H 1
| #define HAVE_SYS_IOCTL_H 1
| #define HAVE_SYS_TIME_H 1
| #define HAVE_UNISTD_H 1
| #define HAVE_DLFCN_H 1
| #define HAVE_GLOB_H 1
| #define HAVE_GETOPT_H 1
| #define HAVE_ERRNO_H 1
| #define HAVE_MACHINE_ENDIAN_H 1
| #define HAVE_SYS_TYPES_H 1
| #define HAVE_SYS_IPC_H 1
| #define HAVE_SYS_PARAM_H 1
| /* end confdefs.h.  */
| #include <stdio.h>
| #ifdef HAVE_SYS_TYPES_H
| # include <sys/types.h>
| #endif
| #ifdef HAVE_SYS_STAT_H
| # include <sys/stat.h>
| #endif
| #ifdef STDC_HEADERS
| # include <stdlib.h>
| # include <stddef.h>
| #else
| # ifdef HAVE_STDLIB_H
| #  include <stdlib.h>
| # endif
| #endif
| #ifdef HAVE_STRING_H
| # if !defined STDC_HEADERS && defined HAVE_MEMORY_H
| #  include <memory.h>
| # endif
| # include <string.h>
| #endif
| #ifdef HAVE_STRINGS_H
| # include <strings.h>
| #endif
| #ifdef HAVE_INTTYPES_H
| # include <inttypes.h>
| #endif
| #ifdef HAVE_STDINT_H
| # include <stdint.h>
| #endif
| #ifdef HAVE_UNISTD_H
| # include <unistd.h>
| #endif
| #include <sys/awe_voice.h>
configure:6600: result: no
configure:6600: checking sys/awe_voice.h presence
configure:6600: gcc -E  -Iu -I/emx/include -I/usr/local/include conftest.c
conftest.c:39: sys/awe_voice.h: No such file or directory
configure:6600: $? = 1
configure: failed program was:
| /* confdefs.h */
| #define PACKAGE_NAME ""
| #define PACKAGE_TARNAME ""
| #define PACKAGE_VERSION ""
| #define PACKAGE_STRING ""
| #define PACKAGE_BUGREPORT ""
| #define PACKAGE_URL ""
| #define HAVE_LIBM 1
| #define HAVE_LIBSOCKET 1
| #define HAVE_GETHOSTBYNAME 1
| #define X_DISPLAY_MISSING 1
| #define HAVE_DIRENT_H 1
| #define STDC_HEADERS 1
| #define HAVE_SYS_WAIT_H 1
| #define HAVE_SYS_TYPES_H 1
| #define HAVE_SYS_STAT_H 1
| #define HAVE_STDLIB_H 1
| #define HAVE_STRING_H 1
| #define HAVE_MEMORY_H 1
| #define HAVE_STRINGS_H 1
| #define HAVE_STDINT_H 1
| #define HAVE_UNISTD_H 1
| #define HAVE_FCNTL_H 1
| #define HAVE_LIMITS_H 1
| #define HAVE_MALLOC_H 1
| #define HAVE_STRINGS_H 1
| #define HAVE_SYS_IOCTL_H 1
| #define HAVE_SYS_TIME_H 1
| #define HAVE_UNISTD_H 1
| #define HAVE_DLFCN_H 1
| #define HAVE_GLOB_H 1
| #define HAVE_GETOPT_H 1
| #define HAVE_ERRNO_H 1
| #define HAVE_MACHINE_ENDIAN_H 1
| #define HAVE_SYS_TYPES_H 1
| #define HAVE_SYS_IPC_H 1
| #define HAVE_SYS_PARAM_H 1
| /* end confdefs.h.  */
| #include <sys/awe_voice.h>
configure:6600: result: no
configure:6600: checking for sys/awe_voice.h
configure:6600: result: no
configure:6610: checking for string.h
configure:6610: result: yes
configure:6619: checking for an ANSI C-conforming const
configure:6685: gcc -c -O2  -Iu -I/emx/include -I/usr/local/include conftest.c >&5
configure:6685: $? = 0
configure:6692: result: yes
configure:6700: checking whether char is unsigned
configure:6719: gcc -c -O2  -Iu -I/emx/include -I/usr/local/include conftest.c >&5
configure:6719: $? = 0
configure:6726: result: no
configure:6733: checking whether byte ordering is bigendian
configure:6748: gcc -c -O2  -Iu -I/emx/include -I/usr/local/include conftest.c >&5
conftest.c:40: parse error before `a'
conftest.c:42: syntax error before `typedef'
configure:6748: $? = 1
configure: failed program was:
| /* confdefs.h */
| #define PACKAGE_NAME ""
| #define PACKAGE_TARNAME ""
| #define PACKAGE_VERSION ""
| #define PACKAGE_STRING ""
| #define PACKAGE_BUGREPORT ""
| #define PACKAGE_URL ""
| #define HAVE_LIBM 1
| #define HAVE_LIBSOCKET 1
| #define HAVE_GETHOSTBYNAME 1
| #define X_DISPLAY_MISSING 1
| #define HAVE_DIRENT_H 1
| #define STDC_HEADERS 1
| #define HAVE_SYS_WAIT_H 1
| #define HAVE_SYS_TYPES_H 1
| #define HAVE_SYS_STAT_H 1
| #define HAVE_STDLIB_H 1
| #define HAVE_STRING_H 1
| #define HAVE_MEMORY_H 1
| #define HAVE_STRINGS_H 1
| #define HAVE_STDINT_H 1
| #define HAVE_UNISTD_H 1
| #define HAVE_FCNTL_H 1
| #define HAVE_LIMITS_H 1
| #define HAVE_MALLOC_H 1
| #define HAVE_STRINGS_H 1
| #define HAVE_SYS_IOCTL_H 1
| #define HAVE_SYS_TIME_H 1
| #define HAVE_UNISTD_H 1
| #define HAVE_DLFCN_H 1
| #define HAVE_GLOB_H 1
| #define HAVE_GETOPT_H 1
| #define HAVE_ERRNO_H 1
| #define HAVE_MACHINE_ENDIAN_H 1
| #define HAVE_SYS_TYPES_H 1
| #define HAVE_SYS_IPC_H 1
| #define HAVE_SYS_PARAM_H 1
| /* end confdefs.h.  */
| #ifndef __APPLE_CC__
| 	       not a universal capable compiler
| 	     #endif
| 	     typedef int dummy;
| 
configure:6793: gcc -c -O2  -Iu -I/emx/include -I/usr/local/include conftest.c >&5
conftest.c: In function `main':
conftest.c:46: `bogus' undeclared (first use in this function)
conftest.c:46: (Each undeclared identifier is reported only once
conftest.c:46: for each function it appears in.)
conftest.c:46: parse error before `endian'
configure:6793: $? = 1
configure: failed program was:
| /* confdefs.h */
| #define PACKAGE_NAME ""
| #define PACKAGE_TARNAME ""
| #define PACKAGE_VERSION ""
| #define PACKAGE_STRING ""
| #define PACKAGE_BUGREPORT ""
| #define PACKAGE_URL ""
| #define HAVE_LIBM 1
| #define HAVE_LIBSOCKET 1
| #define HAVE_GETHOSTBYNAME 1
| #define X_DISPLAY_MISSING 1
| #define HAVE_DIRENT_H 1
| #define STDC_HEADERS 1
| #define HAVE_SYS_WAIT_H 1
| #define HAVE_SYS_TYPES_H 1
| #define HAVE_SYS_STAT_H 1
| #define HAVE_STDLIB_H 1
| #define HAVE_STRING_H 1
| #define HAVE_MEMORY_H 1
| #define HAVE_STRINGS_H 1
| #define HAVE_STDINT_H 1
| #define HAVE_UNISTD_H 1
| #define HAVE_FCNTL_H 1
| #define HAVE_LIMITS_H 1
| #define HAVE_MALLOC_H 1
| #define HAVE_STRINGS_H 1
| #define HAVE_SYS_IOCTL_H 1
| #define HAVE_SYS_TIME_H 1
| #define HAVE_UNISTD_H 1
| #define HAVE_DLFCN_H 1
| #define HAVE_GLOB_H 1
| #define HAVE_GETOPT_H 1
| #define HAVE_ERRNO_H 1
| #define HAVE_MACHINE_ENDIAN_H 1
| #define HAVE_SYS_TYPES_H 1
| #define HAVE_SYS_IPC_H 1
| #define HAVE_SYS_PARAM_H 1
| /* end confdefs.h.  */
| #include <sys/types.h>
| 	     #include <sys/param.h>
| 
| int
| main ()
| {
| #if ! (defined BYTE_ORDER && defined BIG_ENDIAN 		     && defined LITTLE_ENDIAN && BYTE_ORDER && BIG_ENDIAN 		     && LITTLE_ENDIAN)
| 	      bogus endian macros
| 	     #endif
| 
|   ;
|   return 0;
| }
configure:6837: gcc -c -O2  -Iu -I/emx/include -I/usr/local/include conftest.c >&5
conftest.c: In function `main':
conftest.c:45: `bogus' undeclared (first use in this function)
conftest.c:45: (Each undeclared identifier is reported only once
conftest.c:45: for each function it appears in.)
conftest.c:45: parse error before `endian'
configure:6837: $? = 1
configure: failed program was:
| /* confdefs.h */
| #define PACKAGE_NAME ""
| #define PACKAGE_TARNAME ""
| #define PACKAGE_VERSION ""
| #define PACKAGE_STRING ""
| #define PACKAGE_BUGREPORT ""
| #define PACKAGE_URL ""
| #define HAVE_LIBM 1
| #define HAVE_LIBSOCKET 1
| #define HAVE_GETHOSTBYNAME 1
| #define X_DISPLAY_MISSING 1
| #define HAVE_DIRENT_H 1
| #define STDC_HEADERS 1
| #define HAVE_SYS_WAIT_H 1
| #define HAVE_SYS_TYPES_H 1
| #define HAVE_SYS_STAT_H 1
| #define HAVE_STDLIB_H 1
| #define HAVE_STRING_H 1
| #define HAVE_MEMORY_H 1
| #define HAVE_STRINGS_H 1
| #define HAVE_STDINT_H 1
| #define HAVE_UNISTD_H 1
| #define HAVE_FCNTL_H 1
| #define HAVE_LIMITS_H 1
| #define HAVE_MALLOC_H 1
| #define HAVE_STRINGS_H 1
| #define HAVE_SYS_IOCTL_H 1
| #define HAVE_SYS_TIME_H 1
| #define HAVE_UNISTD_H 1
| #define HAVE_DLFCN_H 1
| #define HAVE_GLOB_H 1
| #define HAVE_GETOPT_H 1
| #define HAVE_ERRNO_H 1
| #define HAVE_MACHINE_ENDIAN_H 1
| #define HAVE_SYS_TYPES_H 1
| #define HAVE_SYS_IPC_H 1
| #define HAVE_SYS_PARAM_H 1
| /* end confdefs.h.  */
| #include <limits.h>
| 
| int
| main ()
| {
| #if ! (defined _LITTLE_ENDIAN || defined _BIG_ENDIAN)
| 	      bogus endian macros
| 	     #endif
| 
|   ;
|   return 0;
| }
configure:6928: eval gcc -o conftest.exe -O2  -Iu -I/emx/include -I/usr/local/include  -Lu -L/emx/lib -L/usr/local/lib conftest.c -lsocket -lm  >&5
configure:6928: $? = 0
configure:6928: ./conftest.exe
configure:6928: $? = 0
configure:6939: result: no
configure:6957: checking for inline
configure:6973: gcc -c -O2  -Iu -I/emx/include -I/usr/local/include conftest.c >&5
configure:6973: $? = 0
configure:6981: result: inline
configure:6999: checking for off_t
configure:6999: gcc -c -O2  -Iu -I/emx/include -I/usr/local/include conftest.c >&5
configure:6999: $? = 0
configure:6999: gcc -c -O2  -Iu -I/emx/include -I/usr/local/include conftest.c >&5
conftest.c: In function `main':
conftest.c:75: parse error before `)'
configure:6999: $? = 1
configure: failed program was:
| /* confdefs.h */
| #define PACKAGE_NAME ""
| #define PACKAGE_TARNAME ""
| #define PACKAGE_VERSION ""
| #define PACKAGE_STRING ""
| #define PACKAGE_BUGREPORT ""
| #define PACKAGE_URL ""
| #define HAVE_LIBM 1
| #define HAVE_LIBSOCKET 1
| #define HAVE_GETHOSTBYNAME 1
| #define X_DISPLAY_MISSING 1
| #define HAVE_DIRENT_H 1
| #define STDC_HEADERS 1
| #define HAVE_SYS_WAIT_H 1
| #define HAVE_SYS_TYPES_H 1
| #define HAVE_SYS_STAT_H 1
| #define HAVE_STDLIB_H 1
| #define HAVE_STRING_H 1
| #define HAVE_MEMORY_H 1
| #define HAVE_STRINGS_H 1
| #define HAVE_STDINT_H 1
| #define HAVE_UNISTD_H 1
| #define HAVE_FCNTL_H 1
| #define HAVE_LIMITS_H 1
| #define HAVE_MALLOC_H 1
| #define HAVE_STRINGS_H 1
| #define HAVE_SYS_IOCTL_H 1
| #define HAVE_SYS_TIME_H 1
| #define HAVE_UNISTD_H 1
| #define HAVE_DLFCN_H 1
| #define HAVE_GLOB_H 1
| #define HAVE_GETOPT_H 1
| #define HAVE_ERRNO_H 1
| #define HAVE_MACHINE_ENDIAN_H 1
| #define HAVE_SYS_TYPES_H 1
| #define HAVE_SYS_IPC_H 1
| #define HAVE_SYS_PARAM_H 1
| /* end confdefs.h.  */
| #include <stdio.h>
| #ifdef HAVE_SYS_TYPES_H
| # include <sys/types.h>
| #endif
| #ifdef HAVE_SYS_STAT_H
| # include <sys/stat.h>
| #endif
| #ifdef STDC_HEADERS
| # include <stdlib.h>
| # include <stddef.h>
| #else
| # ifdef HAVE_STDLIB_H
| #  include <stdlib.h>
| # endif
| #endif
| #ifdef HAVE_STRING_H
| # if !defined STDC_HEADERS && defined HAVE_MEMORY_H
| #  include <memory.h>
| # endif
| # include <string.h>
| #endif
| #ifdef HAVE_STRINGS_H
| # include <strings.h>
| #endif
| #ifdef HAVE_INTTYPES_H
| # include <inttypes.h>
| #endif
| #ifdef HAVE_STDINT_H
| # include <stdint.h>
| #endif
| #ifdef HAVE_UNISTD_H
| # include <unistd.h>
| #endif
| int
| main ()
| {
| if (sizeof ((off_t)))
| 	    return 0;
|   ;
|   return 0;
| }
configure:6999: result: yes
configure:7010: checking for pid_t
configure:7010: gcc -c -O2  -Iu -I/emx/include -I/usr/local/include conftest.c >&5
configure:7010: $? = 0
configure:7010: gcc -c -O2  -Iu -I/emx/include -I/usr/local/include conftest.c >&5
conftest.c: In function `main':
conftest.c:75: parse error before `)'
configure:7010: $? = 1
configure: failed program was:
| /* confdefs.h */
| #define PACKAGE_NAME ""
| #define PACKAGE_TARNAME ""
| #define PACKAGE_VERSION ""
| #define PACKAGE_STRING ""
| #define PACKAGE_BUGREPORT ""
| #define PACKAGE_URL ""
| #define HAVE_LIBM 1
| #define HAVE_LIBSOCKET 1
| #define HAVE_GETHOSTBYNAME 1
| #define X_DISPLAY_MISSING 1
| #define HAVE_DIRENT_H 1
| #define STDC_HEADERS 1
| #define HAVE_SYS_WAIT_H 1
| #define HAVE_SYS_TYPES_H 1
| #define HAVE_SYS_STAT_H 1
| #define HAVE_STDLIB_H 1
| #define HAVE_STRING_H 1
| #define HAVE_MEMORY_H 1
| #define HAVE_STRINGS_H 1
| #define HAVE_STDINT_H 1
| #define HAVE_UNISTD_H 1
| #define HAVE_FCNTL_H 1
| #define HAVE_LIMITS_H 1
| #define HAVE_MALLOC_H 1
| #define HAVE_STRINGS_H 1
| #define HAVE_SYS_IOCTL_H 1
| #define HAVE_SYS_TIME_H 1
| #define HAVE_UNISTD_H 1
| #define HAVE_DLFCN_H 1
| #define HAVE_GLOB_H 1
| #define HAVE_GETOPT_H 1
| #define HAVE_ERRNO_H 1
| #define HAVE_MACHINE_ENDIAN_H 1
| #define HAVE_SYS_TYPES_H 1
| #define HAVE_SYS_IPC_H 1
| #define HAVE_SYS_PARAM_H 1
| /* end confdefs.h.  */
| #include <stdio.h>
| #ifdef HAVE_SYS_TYPES_H
| # include <sys/types.h>
| #endif
| #ifdef HAVE_SYS_STAT_H
| # include <sys/stat.h>
| #endif
| #ifdef STDC_HEADERS
| # include <stdlib.h>
| # include <stddef.h>
| #else
| # ifdef HAVE_STDLIB_H
| #  include <stdlib.h>
| # endif
| #endif
| #ifdef HAVE_STRING_H
| # if !defined STDC_HEADERS && defined HAVE_MEMORY_H
| #  include <memory.h>
| # endif
| # include <string.h>
| #endif
| #ifdef HAVE_STRINGS_H
| # include <strings.h>
| #endif
| #ifdef HAVE_INTTYPES_H
| # include <inttypes.h>
| #endif
| #ifdef HAVE_STDINT_H
| # include <stdint.h>
| #endif
| #ifdef HAVE_UNISTD_H
| # include <unistd.h>
| #endif
| int
| main ()
| {
| if (sizeof ((pid_t)))
| 	    return 0;
|   ;
|   return 0;
| }
configure:7010: result: yes
configure:7021: checking for size_t
configure:7021: gcc -c -O2  -Iu -I/emx/include -I/usr/local/include conftest.c >&5
configure:7021: $? = 0
configure:7021: gcc -c -O2  -Iu -I/emx/include -I/usr/local/include conftest.c >&5
conftest.c: In function `main':
conftest.c:75: parse error before `)'
configure:7021: $? = 1
configure: failed program was:
| /* confdefs.h */
| #define PACKAGE_NAME ""
| #define PACKAGE_TARNAME ""
| #define PACKAGE_VERSION ""
| #define PACKAGE_STRING ""
| #define PACKAGE_BUGREPORT ""
| #define PACKAGE_URL ""
| #define HAVE_LIBM 1
| #define HAVE_LIBSOCKET 1
| #define HAVE_GETHOSTBYNAME 1
| #define X_DISPLAY_MISSING 1
| #define HAVE_DIRENT_H 1
| #define STDC_HEADERS 1
| #define HAVE_SYS_WAIT_H 1
| #define HAVE_SYS_TYPES_H 1
| #define HAVE_SYS_STAT_H 1
| #define HAVE_STDLIB_H 1
| #define HAVE_STRING_H 1
| #define HAVE_MEMORY_H 1
| #define HAVE_STRINGS_H 1
| #define HAVE_STDINT_H 1
| #define HAVE_UNISTD_H 1
| #define HAVE_FCNTL_H 1
| #define HAVE_LIMITS_H 1
| #define HAVE_MALLOC_H 1
| #define HAVE_STRINGS_H 1
| #define HAVE_SYS_IOCTL_H 1
| #define HAVE_SYS_TIME_H 1
| #define HAVE_UNISTD_H 1
| #define HAVE_DLFCN_H 1
| #define HAVE_GLOB_H 1
| #define HAVE_GETOPT_H 1
| #define HAVE_ERRNO_H 1
| #define HAVE_MACHINE_ENDIAN_H 1
| #define HAVE_SYS_TYPES_H 1
| #define HAVE_SYS_IPC_H 1
| #define HAVE_SYS_PARAM_H 1
| /* end confdefs.h.  */
| #include <stdio.h>
| #ifdef HAVE_SYS_TYPES_H
| # include <sys/types.h>
| #endif
| #ifdef HAVE_SYS_STAT_H
| # include <sys/stat.h>
| #endif
| #ifdef STDC_HEADERS
| # include <stdlib.h>
| # include <stddef.h>
| #else
| # ifdef HAVE_STDLIB_H
| #  include <stdlib.h>
| # endif
| #endif
| #ifdef HAVE_STRING_H
| # if !defined STDC_HEADERS && defined HAVE_MEMORY_H
| #  include <memory.h>
| # endif
| # include <string.h>
| #endif
| #ifdef HAVE_STRINGS_H
| # include <strings.h>
| #endif
| #ifdef HAVE_INTTYPES_H
| # include <inttypes.h>
| #endif
| #ifdef HAVE_STDINT_H
| # include <stdint.h>
| #endif
| #ifdef HAVE_UNISTD_H
| # include <unistd.h>
| #endif
| int
| main ()
| {
| if (sizeof ((size_t)))
| 	    return 0;
|   ;
|   return 0;
| }
configure:7021: result: yes
configure:7032: checking whether time.h and sys/time.h may both be included
configure:7052: gcc -c -O2  -Iu -I/emx/include -I/usr/local/include conftest.c >&5
configure:7052: $? = 0
configure:7059: result: yes
configure:7068: checking volatile declaration
configure:7084: gcc -c -O2  -Iu -I/emx/include -I/usr/local/include conftest.c >&5
configure:7084: $? = 0
configure:7091: result: yes
configure:7097: checking union semun declaration
configure:7115: gcc -c -O2  -Iu -I/emx/include -I/usr/local/include conftest.c >&5
In file included from conftest.c:42:
\usr\include\sys/sem.h:137: conflicting types for `size_t'
\emx\include\sys/types.h:8: previous declaration of `size_t'
\usr\include\sys/sem.h:142: warning: redefinition of `pid_t'
\emx\include\sys/types.h:53: warning: `pid_t' previously declared here
configure:7115: $? = 1
configure: failed program was:
| /* confdefs.h */
| #define PACKAGE_NAME ""
| #define PACKAGE_TARNAME ""
| #define PACKAGE_VERSION ""
| #define PACKAGE_STRING ""
| #define PACKAGE_BUGREPORT ""
| #define PACKAGE_URL ""
| #define HAVE_LIBM 1
| #define HAVE_LIBSOCKET 1
| #define HAVE_GETHOSTBYNAME 1
| #define X_DISPLAY_MISSING 1
| #define HAVE_DIRENT_H 1
| #define STDC_HEADERS 1
| #define HAVE_SYS_WAIT_H 1
| #define HAVE_SYS_TYPES_H 1
| #define HAVE_SYS_STAT_H 1
| #define HAVE_STDLIB_H 1
| #define HAVE_STRING_H 1
| #define HAVE_MEMORY_H 1
| #define HAVE_STRINGS_H 1
| #define HAVE_STDINT_H 1
| #define HAVE_UNISTD_H 1
| #define HAVE_FCNTL_H 1
| #define HAVE_LIMITS_H 1
| #define HAVE_MALLOC_H 1
| #define HAVE_STRINGS_H 1
| #define HAVE_SYS_IOCTL_H 1
| #define HAVE_SYS_TIME_H 1
| #define HAVE_UNISTD_H 1
| #define HAVE_DLFCN_H 1
| #define HAVE_GLOB_H 1
| #define HAVE_GETOPT_H 1
| #define HAVE_ERRNO_H 1
| #define HAVE_MACHINE_ENDIAN_H 1
| #define HAVE_SYS_TYPES_H 1
| #define HAVE_SYS_IPC_H 1
| #define HAVE_SYS_PARAM_H 1
| #define TIME_WITH_SYS_TIME 1
| /* end confdefs.h.  */
| #include <sys/types.h>
| #include <sys/ipc.h>
| #include <sys/sem.h>
| int
| main ()
| {
| union semun x
|   ;
|   return 0;
| }
configure:7122: result: no
configure:7161: checking whether gcc needs -traditional
configure:7195: result: no
configure:7202: checking for working memcmp
configure:7245: eval gcc -o conftest.exe -O2  -Iu -I/emx/include -I/usr/local/include  -Lu -L/emx/lib -L/usr/local/lib conftest.c -lsocket -lm  >&5
configure:7245: $? = 0
configure:7245: ./conftest.exe
configure:7245: $? = 0
configure:7255: result: yes
configure:7270: checking for stdlib.h
configure:7270: result: yes
configure:7270: checking for unistd.h
configure:7270: result: yes
configure:7270: checking for sys/param.h
configure:7270: result: yes
configure:7290: checking for getpagesize
configure:7290: eval gcc -o conftest.exe -O2  -Iu -I/emx/include -I/usr/local/include  -Lu -L/emx/lib -L/usr/local/lib conftest.c -lsocket -lm  >&5
configure:7290: $? = 0
configure:7290: result: yes
configure:7299: checking for working mmap
configure:7448: eval gcc -o conftest.exe -O2  -Iu -I/emx/include -I/usr/local/include  -Lu -L/emx/lib -L/usr/local/lib conftest.c -lsocket -lm  >&5
In file included from conftest.c:103:
\usr\include\sys/mman.h:156: warning: redefinition of `mode_t'
\emx\include\sys/types.h:38: warning: `mode_t' previously declared here
\usr\include\sys/mman.h:161: conflicting types for `off_t'
\emx\include\sys/types.h:33: previous declaration of `off_t'
\usr\include\sys/mman.h:166: conflicting types for `size_t'
\emx\include\stdio.h:12: previous declaration of `size_t'
conftest.c: In function `main':
conftest.c:191: `MAP_FIXED' undeclared (first use in this function)
conftest.c:191: (Each undeclared identifier is reported only once
conftest.c:191: for each function it appears in.)
configure:7448: $? = 1
configure: program exited with status 1
configure: failed program was:
| /* confdefs.h */
| #define PACKAGE_NAME ""
| #define PACKAGE_TARNAME ""
| #define PACKAGE_VERSION ""
| #define PACKAGE_STRING ""
| #define PACKAGE_BUGREPORT ""
| #define PACKAGE_URL ""
| #define HAVE_LIBM 1
| #define HAVE_LIBSOCKET 1
| #define HAVE_GETHOSTBYNAME 1
| #define X_DISPLAY_MISSING 1
| #define HAVE_DIRENT_H 1
| #define STDC_HEADERS 1
| #define HAVE_SYS_WAIT_H 1
| #define HAVE_SYS_TYPES_H 1
| #define HAVE_SYS_STAT_H 1
| #define HAVE_STDLIB_H 1
| #define HAVE_STRING_H 1
| #define HAVE_MEMORY_H 1
| #define HAVE_STRINGS_H 1
| #define HAVE_STDINT_H 1
| #define HAVE_UNISTD_H 1
| #define HAVE_FCNTL_H 1
| #define HAVE_LIMITS_H 1
| #define HAVE_MALLOC_H 1
| #define HAVE_STRINGS_H 1
| #define HAVE_SYS_IOCTL_H 1
| #define HAVE_SYS_TIME_H 1
| #define HAVE_UNISTD_H 1
| #define HAVE_DLFCN_H 1
| #define HAVE_GLOB_H 1
| #define HAVE_GETOPT_H 1
| #define HAVE_ERRNO_H 1
| #define HAVE_MACHINE_ENDIAN_H 1
| #define HAVE_SYS_TYPES_H 1
| #define HAVE_SYS_IPC_H 1
| #define HAVE_SYS_PARAM_H 1
| #define TIME_WITH_SYS_TIME 1
| #define HAVE_STDLIB_H 1
| #define HAVE_UNISTD_H 1
| #define HAVE_SYS_PARAM_H 1
| #define HAVE_GETPAGESIZE 1
| /* end confdefs.h.  */
| #include <stdio.h>
| #ifdef HAVE_SYS_TYPES_H
| # include <sys/types.h>
| #endif
| #ifdef HAVE_SYS_STAT_H
| # include <sys/stat.h>
| #endif
| #ifdef STDC_HEADERS
| # include <stdlib.h>
| # include <stddef.h>
| #else
| # ifdef HAVE_STDLIB_H
| #  include <stdlib.h>
| # endif
| #endif
| #ifdef HAVE_STRING_H
| # if !defined STDC_HEADERS && defined HAVE_MEMORY_H
| #  include <memory.h>
| # endif
| # include <string.h>
| #endif
| #ifdef HAVE_STRINGS_H
| # include <strings.h>
| #endif
| #ifdef HAVE_INTTYPES_H
| # include <inttypes.h>
| #endif
| #ifdef HAVE_STDINT_H
| # include <stdint.h>
| #endif
| #ifdef HAVE_UNISTD_H
| # include <unistd.h>
| #endif
| /* malloc might have been renamed as rpl_malloc. */
| #undef malloc
| 
| /* Thanks to Mike Haertel and Jim Avera for this test.
|    Here is a matrix of mmap possibilities:
| 	mmap private not fixed
| 	mmap private fixed at somewhere currently unmapped
| 	mmap private fixed at somewhere already mapped
| 	mmap shared not fixed
| 	mmap shared fixed at somewhere currently unmapped
| 	mmap shared fixed at somewhere already mapped
|    For private mappings, we should verify that changes cannot be read()
|    back from the file, nor mmap's back from the file at a different
|    address.  (There have been systems where private was not correctly
|    implemented like the infamous i386 svr4.0, and systems where the
|    VM page cache was not coherent with the file system buffer cache
|    like early versions of FreeBSD and possibly contemporary NetBSD.)
|    For shared mappings, we should conversely verify that changes get
|    propagated back to all the places they're supposed to be.
| 
|    Grep wants private fixed already mapped.
|    The main things grep needs to know about mmap are:
|    * does it exist and is it safe to write into the mmap'd area
|    * how to use it (BSD variants)  */
| 
| #include <fcntl.h>
| #include <sys/mman.h>
| 
| #if !defined STDC_HEADERS && !defined HAVE_STDLIB_H
| char *malloc ();
| #endif
| 
| /* This mess was copied from the GNU getpagesize.h.  */
| #ifndef HAVE_GETPAGESIZE
| # ifdef _SC_PAGESIZE
| #  define getpagesize() sysconf(_SC_PAGESIZE)
| # else /* no _SC_PAGESIZE */
| #  ifdef HAVE_SYS_PARAM_H
| #   include <sys/param.h>
| #   ifdef EXEC_PAGESIZE
| #    define getpagesize() EXEC_PAGESIZE
| #   else /* no EXEC_PAGESIZE */
| #    ifdef NBPG
| #     define getpagesize() NBPG * CLSIZE
| #     ifndef CLSIZE
| #      define CLSIZE 1
| #     endif /* no CLSIZE */
| #    else /* no NBPG */
| #     ifdef NBPC
| #      define getpagesize() NBPC
| #     else /* no NBPC */
| #      ifdef PAGESIZE
| #       define getpagesize() PAGESIZE
| #      endif /* PAGESIZE */
| #     endif /* no NBPC */
| #    endif /* no NBPG */
| #   endif /* no EXEC_PAGESIZE */
| #  else /* no HAVE_SYS_PARAM_H */
| #   define getpagesize() 8192	/* punt totally */
| #  endif /* no HAVE_SYS_PARAM_H */
| # endif /* no _SC_PAGESIZE */
| 
| #endif /* no HAVE_GETPAGESIZE */
| 
| int
| main ()
| {
|   char *data, *data2, *data3;
|   const char *cdata2;
|   int i, pagesize;
|   int fd, fd2;
| 
|   pagesize = getpagesize ();
| 
|   /* First, make a file with some known garbage in it. */
|   data = (char *) malloc (pagesize);
|   if (!data)
|     return 1;
|   for (i = 0; i < pagesize; ++i)
|     *(data + i) = rand ();
|   umask (0);
|   fd = creat ("conftest.mmap", 0600);
|   if (fd < 0)
|     return 2;
|   if (write (fd, data, pagesize) != pagesize)
|     return 3;
|   close (fd);
| 
|   /* Next, check that the tail of a page is zero-filled.  File must have
|      non-zero length, otherwise we risk SIGBUS for entire page.  */
|   fd2 = open ("conftest.txt", O_RDWR | O_CREAT | O_TRUNC, 0600);
|   if (fd2 < 0)
|     return 4;
|   cdata2 = "";
|   if (write (fd2, cdata2, 1) != 1)
|     return 5;
|   data2 = (char *) mmap (0, pagesize, PROT_READ | PROT_WRITE, MAP_SHARED, fd2, 0L);
|   if (data2 == MAP_FAILED)
|     return 6;
|   for (i = 0; i < pagesize; ++i)
|     if (*(data2 + i))
|       return 7;
|   close (fd2);
|   if (munmap (data2, pagesize))
|     return 8;
| 
| #ifndef __OS2__
|   /* Next, try to mmap the file at a fixed address which already has
|      something else allocated at it.  If we can, also make sure that
|      we see the same garbage.  */
|   fd = open ("conftest.mmap", O_RDWR);
|   if (fd < 0)
|     return 9;
|   if (data2 != mmap (data2, pagesize, PROT_READ | PROT_WRITE,
| 		     MAP_PRIVATE | MAP_FIXED, fd, 0L))
|     return 10;
|   for (i = 0; i < pagesize; ++i)
|     if (*(data + i) != *(data2 + i))
|       return 11;
| 
|   /* Finally, make sure that changes to the mapped area do not
|      percolate back to the file as seen by read().  (This is a bug on
|      some variants of i386 svr4.0.)  */
|   for (i = 0; i < pagesize; ++i)
|     *(data2 + i) = *(data2 + i) + 1;
|   data3 = (char *) malloc (pagesize);
|   if (!data3)
|     return 12;
|   if (read (fd, data3, pagesize) != pagesize)
|     return 13;
|   for (i = 0; i < pagesize; ++i)
|     if (*(data + i) != *(data3 + i))
|       return 14;
| #endif
|   close (fd);
|   return 0;
| }
configure:7458: result: no
configure:7474: checking return type of signal handlers
configure:7492: gcc -c -O2  -Iu -I/emx/include -I/usr/local/include conftest.c >&5
conftest.c: In function `main':
conftest.c:50: void value not ignored as it ought to be
configure:7492: $? = 1
configure: failed program was:
| /* confdefs.h */
| #define PACKAGE_NAME ""
| #define PACKAGE_TARNAME ""
| #define PACKAGE_VERSION ""
| #define PACKAGE_STRING ""
| #define PACKAGE_BUGREPORT ""
| #define PACKAGE_URL ""
| #define HAVE_LIBM 1
| #define HAVE_LIBSOCKET 1
| #define HAVE_GETHOSTBYNAME 1
| #define X_DISPLAY_MISSING 1
| #define HAVE_DIRENT_H 1
| #define STDC_HEADERS 1
| #define HAVE_SYS_WAIT_H 1
| #define HAVE_SYS_TYPES_H 1
| #define HAVE_SYS_STAT_H 1
| #define HAVE_STDLIB_H 1
| #define HAVE_STRING_H 1
| #define HAVE_MEMORY_H 1
| #define HAVE_STRINGS_H 1
| #define HAVE_STDINT_H 1
| #define HAVE_UNISTD_H 1
| #define HAVE_FCNTL_H 1
| #define HAVE_LIMITS_H 1
| #define HAVE_MALLOC_H 1
| #define HAVE_STRINGS_H 1
| #define HAVE_SYS_IOCTL_H 1
| #define HAVE_SYS_TIME_H 1
| #define HAVE_UNISTD_H 1
| #define HAVE_DLFCN_H 1
| #define HAVE_GLOB_H 1
| #define HAVE_GETOPT_H 1
| #define HAVE_ERRNO_H 1
| #define HAVE_MACHINE_ENDIAN_H 1
| #define HAVE_SYS_TYPES_H 1
| #define HAVE_SYS_IPC_H 1
| #define HAVE_SYS_PARAM_H 1
| #define TIME_WITH_SYS_TIME 1
| #define HAVE_STDLIB_H 1
| #define HAVE_UNISTD_H 1
| #define HAVE_SYS_PARAM_H 1
| #define HAVE_GETPAGESIZE 1
| /* end confdefs.h.  */
| #include <sys/types.h>
| #include <signal.h>
| 
| int
| main ()
| {
| return *(signal (0, 0)) (0) == 1;
|   ;
|   return 0;
| }
configure:7499: result: void
configure:7509: checking for vprintf
configure:7509: eval gcc -o conftest.exe -O2  -Iu -I/emx/include -I/usr/local/include  -Lu -L/emx/lib -L/usr/local/lib conftest.c -lsocket -lm  >&5
configure:7509: $? = 0
configure:7509: result: yes
configure:7515: checking for _doprnt
configure:7515: eval gcc -o conftest.exe -O2  -Iu -I/emx/include -I/usr/local/include  -Lu -L/emx/lib -L/usr/local/lib conftest.c -lsocket -lm  >&5
U:\Temp\ccc07516: Undefined symbol __doprnt referenced from text segment
configure:7515: $? = 1
configure: failed program was:
| /* confdefs.h */
| #define PACKAGE_NAME ""
| #define PACKAGE_TARNAME ""
| #define PACKAGE_VERSION ""
| #define PACKAGE_STRING ""
| #define PACKAGE_BUGREPORT ""
| #define PACKAGE_URL ""
| #define HAVE_LIBM 1
| #define HAVE_LIBSOCKET 1
| #define HAVE_GETHOSTBYNAME 1
| #define X_DISPLAY_MISSING 1
| #define HAVE_DIRENT_H 1
| #define STDC_HEADERS 1
| #define HAVE_SYS_WAIT_H 1
| #define HAVE_SYS_TYPES_H 1
| #define HAVE_SYS_STAT_H 1
| #define HAVE_STDLIB_H 1
| #define HAVE_STRING_H 1
| #define HAVE_MEMORY_H 1
| #define HAVE_STRINGS_H 1
| #define HAVE_STDINT_H 1
| #define HAVE_UNISTD_H 1
| #define HAVE_FCNTL_H 1
| #define HAVE_LIMITS_H 1
| #define HAVE_MALLOC_H 1
| #define HAVE_STRINGS_H 1
| #define HAVE_SYS_IOCTL_H 1
| #define HAVE_SYS_TIME_H 1
| #define HAVE_UNISTD_H 1
| #define HAVE_DLFCN_H 1
| #define HAVE_GLOB_H 1
| #define HAVE_GETOPT_H 1
| #define HAVE_ERRNO_H 1
| #define HAVE_MACHINE_ENDIAN_H 1
| #define HAVE_SYS_TYPES_H 1
| #define HAVE_SYS_IPC_H 1
| #define HAVE_SYS_PARAM_H 1
| #define TIME_WITH_SYS_TIME 1
| #define HAVE_STDLIB_H 1
| #define HAVE_UNISTD_H 1
| #define HAVE_SYS_PARAM_H 1
| #define HAVE_GETPAGESIZE 1
| #define RETSIGTYPE void
| #define HAVE_VPRINTF 1
| /* end confdefs.h.  */
| /* Define _doprnt to an innocuous variant, in case <limits.h> declares _doprnt.
|    For example, HP-UX 11i <limits.h> declares gettimeofday.  */
| #define _doprnt innocuous__doprnt
| 
| /* System header to define __stub macros and hopefully few prototypes,
|     which can conflict with char _doprnt (); below.
|     Prefer <limits.h> to <assert.h> if __STDC__ is defined, since
|     <limits.h> exists even on freestanding compilers.  */
| 
| #ifdef __STDC__
| # include <limits.h>
| #else
| # include <assert.h>
| #endif
| 
| #undef _doprnt
| 
| /* Override any GCC internal prototype to avoid an error.
|    Use char because int might match the return type of a GCC
|    builtin and then its argument prototype would still apply.  */
| #ifdef __cplusplus
| extern "C"
| #endif
| char _doprnt ();
| /* The GNU C library defines this for functions which it implements
|     to always fail with ENOSYS.  Some functions are actually named
|     something starting with __ and the normal name is an alias.  */
| #if defined __stub__doprnt || defined __stub____doprnt
| choke me
| #endif
| 
| int
| main ()
| {
| return _doprnt ();
|   ;
|   return 0;
| }
configure:7515: result: no
configure:7530: checking for gettimeofday
configure:7530: eval gcc -o conftest.exe -O2  -Iu -I/emx/include -I/usr/local/include  -Lu -L/emx/lib -L/usr/local/lib conftest.c -lsocket -lm  >&5
configure:7530: $? = 0
configure:7530: result: yes
configure:7530: checking for select
configure:7530: eval gcc -o conftest.exe -O2  -Iu -I/emx/include -I/usr/local/include  -Lu -L/emx/lib -L/usr/local/lib conftest.c -lsocket -lm  >&5
configure:7530: $? = 0
configure:7530: result: yes
configure:7530: checking for socket
configure:7530: eval gcc -o conftest.exe -O2  -Iu -I/emx/include -I/usr/local/include  -Lu -L/emx/lib -L/usr/local/lib conftest.c -lsocket -lm  >&5
configure:7530: $? = 0
configure:7530: result: yes
configure:7530: checking for strdup
configure:7530: eval gcc -o conftest.exe -O2  -Iu -I/emx/include -I/usr/local/include  -Lu -L/emx/lib -L/usr/local/lib conftest.c -lsocket -lm  >&5
configure:7530: $? = 0
configure:7530: result: yes
configure:7530: checking for strstr
configure:7530: eval gcc -o conftest.exe -O2  -Iu -I/emx/include -I/usr/local/include  -Lu -L/emx/lib -L/usr/local/lib conftest.c -lsocket -lm  >&5
configure:7530: $? = 0
configure:7530: result: yes
configure:7530: checking for vsnprintf
configure:7530: eval gcc -o conftest.exe -O2  -Iu -I/emx/include -I/usr/local/include  -Lu -L/emx/lib -L/usr/local/lib conftest.c -lsocket -lm  >&5
configure:7530: $? = 0
configure:7530: result: yes
configure:7530: checking for snprintf
configure:7530: eval gcc -o conftest.exe -O2  -Iu -I/emx/include -I/usr/local/include  -Lu -L/emx/lib -L/usr/local/lib conftest.c -lsocket -lm  >&5
configure:7530: $? = 0
configure:7530: result: yes
configure:7530: checking for sleep
configure:7530: eval gcc -o conftest.exe -O2  -Iu -I/emx/include -I/usr/local/include  -Lu -L/emx/lib -L/usr/local/lib conftest.c -lsocket -lm  >&5
configure:7530: $? = 0
configure:7530: result: yes
configure:7530: checking for usleep
configure:7530: eval gcc -o conftest.exe -O2  -Iu -I/emx/include -I/usr/local/include  -Lu -L/emx/lib -L/usr/local/lib conftest.c -lsocket -lm  >&5
U:\Temp\ccc07777: Undefined symbol _usleep referenced from text segment
configure:7530: $? = 1
configure: failed program was:
| /* confdefs.h */
| #define PACKAGE_NAME ""
| #define PACKAGE_TARNAME ""
| #define PACKAGE_VERSION ""
| #define PACKAGE_STRING ""
| #define PACKAGE_BUGREPORT ""
| #define PACKAGE_URL ""
| #define HAVE_LIBM 1
| #define HAVE_LIBSOCKET 1
| #define HAVE_GETHOSTBYNAME 1
| #define X_DISPLAY_MISSING 1
| #define HAVE_DIRENT_H 1
| #define STDC_HEADERS 1
| #define HAVE_SYS_WAIT_H 1
| #define HAVE_SYS_TYPES_H 1
| #define HAVE_SYS_STAT_H 1
| #define HAVE_STDLIB_H 1
| #define HAVE_STRING_H 1
| #define HAVE_MEMORY_H 1
| #define HAVE_STRINGS_H 1
| #define HAVE_STDINT_H 1
| #define HAVE_UNISTD_H 1
| #define HAVE_FCNTL_H 1
| #define HAVE_LIMITS_H 1
| #define HAVE_MALLOC_H 1
| #define HAVE_STRINGS_H 1
| #define HAVE_SYS_IOCTL_H 1
| #define HAVE_SYS_TIME_H 1
| #define HAVE_UNISTD_H 1
| #define HAVE_DLFCN_H 1
| #define HAVE_GLOB_H 1
| #define HAVE_GETOPT_H 1
| #define HAVE_ERRNO_H 1
| #define HAVE_MACHINE_ENDIAN_H 1
| #define HAVE_SYS_TYPES_H 1
| #define HAVE_SYS_IPC_H 1
| #define HAVE_SYS_PARAM_H 1
| #define TIME_WITH_SYS_TIME 1
| #define HAVE_STDLIB_H 1
| #define HAVE_UNISTD_H 1
| #define HAVE_SYS_PARAM_H 1
| #define HAVE_GETPAGESIZE 1
| #define RETSIGTYPE void
| #define HAVE_VPRINTF 1
| #define HAVE_GETTIMEOFDAY 1
| #define HAVE_SELECT 1
| #define HAVE_SOCKET 1
| #define HAVE_STRDUP 1
| #define HAVE_STRSTR 1
| #define HAVE_VSNPRINTF 1
| #define HAVE_SNPRINTF 1
| #define HAVE_SLEEP 1
| /* end confdefs.h.  */
| /* Define usleep to an innocuous variant, in case <limits.h> declares usleep.
|    For example, HP-UX 11i <limits.h> declares gettimeofday.  */
| #define usleep innocuous_usleep
| 
| /* System header to define __stub macros and hopefully few prototypes,
|     which can conflict with char usleep (); below.
|     Prefer <limits.h> to <assert.h> if __STDC__ is defined, since
|     <limits.h> exists even on freestanding compilers.  */
| 
| #ifdef __STDC__
| # include <limits.h>
| #else
| # include <assert.h>
| #endif
| 
| #undef usleep
| 
| /* Override any GCC internal prototype to avoid an error.
|    Use char because int might match the return type of a GCC
|    builtin and then its argument prototype would still apply.  */
| #ifdef __cplusplus
| extern "C"
| #endif
| char usleep ();
| /* The GNU C library defines this for functions which it implements
|     to always fail with ENOSYS.  Some functions are actually named
|     something starting with __ and the normal name is an alias.  */
| #if defined __stub_usleep || defined __stub___usleep
| choke me
| #endif
| 
| int
| main ()
| {
| return usleep ();
|   ;
|   return 0;
| }
configure:7530: result: no
configure:7530: checking for strncasecmp
configure:7530: eval gcc -o conftest.exe -O2  -Iu -I/emx/include -I/usr/local/include  -Lu -L/emx/lib -L/usr/local/lib conftest.c -lsocket -lm  >&5
U:\Temp\ccc07806: Undefined symbol _strncasecmp referenced from text segment
configure:7530: $? = 1
configure: failed program was:
| /* confdefs.h */
| #define PACKAGE_NAME ""
| #define PACKAGE_TARNAME ""
| #define PACKAGE_VERSION ""
| #define PACKAGE_STRING ""
| #define PACKAGE_BUGREPORT ""
| #define PACKAGE_URL ""
| #define HAVE_LIBM 1
| #define HAVE_LIBSOCKET 1
| #define HAVE_GETHOSTBYNAME 1
| #define X_DISPLAY_MISSING 1
| #define HAVE_DIRENT_H 1
| #define STDC_HEADERS 1
| #define HAVE_SYS_WAIT_H 1
| #define HAVE_SYS_TYPES_H 1
| #define HAVE_SYS_STAT_H 1
| #define HAVE_STDLIB_H 1
| #define HAVE_STRING_H 1
| #define HAVE_MEMORY_H 1
| #define HAVE_STRINGS_H 1
| #define HAVE_STDINT_H 1
| #define HAVE_UNISTD_H 1
| #define HAVE_FCNTL_H 1
| #define HAVE_LIMITS_H 1
| #define HAVE_MALLOC_H 1
| #define HAVE_STRINGS_H 1
| #define HAVE_SYS_IOCTL_H 1
| #define HAVE_SYS_TIME_H 1
| #define HAVE_UNISTD_H 1
| #define HAVE_DLFCN_H 1
| #define HAVE_GLOB_H 1
| #define HAVE_GETOPT_H 1
| #define HAVE_ERRNO_H 1
| #define HAVE_MACHINE_ENDIAN_H 1
| #define HAVE_SYS_TYPES_H 1
| #define HAVE_SYS_IPC_H 1
| #define HAVE_SYS_PARAM_H 1
| #define TIME_WITH_SYS_TIME 1
| #define HAVE_STDLIB_H 1
| #define HAVE_UNISTD_H 1
| #define HAVE_SYS_PARAM_H 1
| #define HAVE_GETPAGESIZE 1
| #define RETSIGTYPE void
| #define HAVE_VPRINTF 1
| #define HAVE_GETTIMEOFDAY 1
| #define HAVE_SELECT 1
| #define HAVE_SOCKET 1
| #define HAVE_STRDUP 1
| #define HAVE_STRSTR 1
| #define HAVE_VSNPRINTF 1
| #define HAVE_SNPRINTF 1
| #define HAVE_SLEEP 1
| /* end confdefs.h.  */
| /* Define strncasecmp to an innocuous variant, in case <limits.h> declares strncasecmp.
|    For example, HP-UX 11i <limits.h> declares gettimeofday.  */
| #define strncasecmp innocuous_strncasecmp
| 
| /* System header to define __stub macros and hopefully few prototypes,
|     which can conflict with char strncasecmp (); below.
|     Prefer <limits.h> to <assert.h> if __STDC__ is defined, since
|     <limits.h> exists even on freestanding compilers.  */
| 
| #ifdef __STDC__
| # include <limits.h>
| #else
| # include <assert.h>
| #endif
| 
| #undef strncasecmp
| 
| /* Override any GCC internal prototype to avoid an error.
|    Use char because int might match the return type of a GCC
|    builtin and then its argument prototype would still apply.  */
| #ifdef __cplusplus
| extern "C"
| #endif
| char strncasecmp ();
| /* The GNU C library defines this for functions which it implements
|     to always fail with ENOSYS.  Some functions are actually named
|     something starting with __ and the normal name is an alias.  */
| #if defined __stub_strncasecmp || defined __stub___strncasecmp
| choke me
| #endif
| 
| int
| main ()
| {
| return strncasecmp ();
|   ;
|   return 0;
| }
configure:7530: result: no
configure:7530: checking for strerror
configure:7530: eval gcc -o conftest.exe -O2  -Iu -I/emx/include -I/usr/local/include  -Lu -L/emx/lib -L/usr/local/lib conftest.c -lsocket -lm  >&5
configure:7530: $? = 0
configure:7530: result: yes
configure:7530: checking for getopt
configure:7530: eval gcc -o conftest.exe -O2  -Iu -I/emx/include -I/usr/local/include  -Lu -L/emx/lib -L/usr/local/lib conftest.c -lsocket -lm  >&5
configure:7530: $? = 0
configure:7530: result: yes
configure:7530: checking for getcwd
configure:7530: eval gcc -o conftest.exe -O2  -Iu -I/emx/include -I/usr/local/include  -Lu -L/emx/lib -L/usr/local/lib conftest.c -lsocket -lm  >&5
configure:7530: $? = 0
configure:7530: result: yes
configure:7530: checking for popen
configure:7530: eval gcc -o conftest.exe -O2  -Iu -I/emx/include -I/usr/local/include  -Lu -L/emx/lib -L/usr/local/lib conftest.c -lsocket -lm  >&5
configure:7530: $? = 0
configure:7530: result: yes
configure:7530: checking for signal
configure:7530: eval gcc -o conftest.exe -O2  -Iu -I/emx/include -I/usr/local/include  -Lu -L/emx/lib -L/usr/local/lib conftest.c -lsocket -lm  >&5
configure:7530: $? = 0
configure:7530: result: yes
configure:7530: checking for isatty
configure:7530: eval gcc -o conftest.exe -O2  -Iu -I/emx/include -I/usr/local/include  -Lu -L/emx/lib -L/usr/local/lib conftest.c -lsocket -lm  >&5
configure:7530: $? = 0
configure:7530: result: yes
configure:7779: checking enable_audio=oss
configure:7858: result: no
configure:7862: checking enable_audio=sun
configure:7893: result: no
configure:7897: checking enable_audio=hpux
configure:7909: result: no
configure:7913: checking enable_audio=irix
configure:7933: result: no
configure:7937: checking enable_audio=mme
configure:7951: result: no
configure:7955: checking enable_audio=sb_dsp
configure:7967: result: no
configure:7971: checking enable_audio=w32
configure:7993: result: no
configure:7997: checking enable_audio=dart
configure:8003: result: yes
configure:8019: checking enable_audio=alsa
configure:8214: result: no
configure:8218: checking enable_audio=alib
configure:8237: result: no
configure:8241: checking enable_audio=nas
configure:8315: result: no
configure:8319: checking enable_audio=esd
configure:8585: result: no
configure:8589: checking enable_audio=vorbis
configure:8661: result: no
configure:8672: checking default output mode
configure:8698: result: default/d
configure:10869: checking that generated files are newer than configure
configure:10875: result: done
configure:11031: creating ./config.status

## ---------------------- ##
## Running config.status. ##
## ---------------------- ##

This file was extended by config.status, which was
generated by GNU Autoconf 2.69.  Invocation command line was

  CONFIG_FILES    = 
  CONFIG_HEADERS  = 
  CONFIG_LINKS    = 
  CONFIG_COMMANDS = 
  $ ./config.status 

on ZOBOPEEP

config.status:1002: creating Makefile
config.status:1002: creating common.makefile
config.status:1110: WARNING:  'common.makefile.in' seems to ignore the --datarootdir setting
config.status:1002: creating interface/Makefile
config.status:1110: WARNING:  'interface/Makefile.in' seems to ignore the --datarootdir setting
config.status:1002: creating interface/motif_bitmaps/Makefile
config.status:1002: creating interface/bitmaps/Makefile
config.status:1002: creating interface/pixmaps/Makefile
config.status:1002: creating libarc/Makefile
config.status:1110: WARNING:  'libarc/Makefile.in' seems to ignore the --datarootdir setting
config.status:1002: creating libunimod/Makefile
config.status:1110: WARNING:  'libunimod/Makefile.in' seems to ignore the --datarootdir setting
config.status:1002: creating timidity/Makefile
config.status:1110: WARNING:  'timidity/Makefile.in' seems to ignore the --datarootdir setting
config.status:1002: creating utils/Makefile
config.status:1110: WARNING:  'utils/Makefile.in' seems to ignore the --datarootdir setting
config.status:1002: creating doc/Makefile
config.status:1002: creating doc/C/Makefile
config.status:1002: creating doc/ja_JP.ujis/Makefile
config.status:1002: creating config.h
config.status:1002: creating interface.h
config.status:1183: interface.h is unchanged
config.status:1231: executing depfiles commands

## ---------------- ##
## Cache variables. ##
## ---------------- ##

ac_cv_build='i386-pc-os2-emx'
ac_cv_c_bigendian='no'
ac_cv_c_char_unsigned='no'
ac_cv_c_compiler_gnu='yes'
ac_cv_c_const='yes'
ac_cv_c_inline='inline'
ac_cv_env_build_alias_set=''
ac_cv_env_build_alias_value=''
ac_cv_env_CC_set=''
ac_cv_env_CC_value=''
ac_cv_env_CFLAGS_set=''
ac_cv_env_CFLAGS_value=''
ac_cv_env_CPPFLAGS_set=''
ac_cv_env_CPPFLAGS_value=''
ac_cv_env_CPP_set=''
ac_cv_env_CPP_value=''
ac_cv_env_EMACSLOADPATH_set=''
ac_cv_env_EMACSLOADPATH_value=''
ac_cv_env_EMACS_set=''
ac_cv_env_EMACS_value=''
ac_cv_env_host_alias_set=''
ac_cv_env_host_alias_value=''
ac_cv_env_LDFLAGS_set=''
ac_cv_env_LDFLAGS_value=''
ac_cv_env_LIBS_set=''
ac_cv_env_LIBS_value=''
ac_cv_env_target_alias_set=''
ac_cv_env_target_alias_value=''
ac_cv_env_XMKMF_set=''
ac_cv_env_XMKMF_value=''
ac_cv_exeext='.exe'
ac_cv_func_getcwd='yes'
ac_cv_func_gethostbyname='yes'
ac_cv_func_getopt='yes'
ac_cv_func_getpagesize='yes'
ac_cv_func_gettimeofday='yes'
ac_cv_func_isatty='yes'
ac_cv_func_memcmp_working='yes'
ac_cv_func_mmap_fixed_mapped='no'
ac_cv_func_popen='yes'
ac_cv_func_select='yes'
ac_cv_func_setvbuf_reversed='no'
ac_cv_func_signal='yes'
ac_cv_func_sleep='yes'
ac_cv_func_snprintf='yes'
ac_cv_func_socket='yes'
ac_cv_func_strdup='yes'
ac_cv_func_strerror='yes'
ac_cv_func_strncasecmp='no'
ac_cv_func_strstr='yes'
ac_cv_func_usleep='no'
ac_cv_func_vprintf='yes'
ac_cv_func_vsnprintf='yes'
ac_cv_func__doprnt='no'
ac_cv_have_x='have_x=no'
ac_cv_header_dirent_dirent_h='yes'
ac_cv_header_dlfcn_h='yes'
ac_cv_header_errno_h='yes'
ac_cv_header_fcntl_h='yes'
ac_cv_header_getopt_h='yes'
ac_cv_header_glob_h='yes'
ac_cv_header_inttypes_h='no'
ac_cv_header_limits_h='yes'
ac_cv_header_machine_endian_h='yes'
ac_cv_header_malloc_h='yes'
ac_cv_header_memory_h='yes'
ac_cv_header_soundcard_h='no'
ac_cv_header_stdc='yes'
ac_cv_header_stdint_h='yes'
ac_cv_header_stdlib_h='yes'
ac_cv_header_strings_h='yes'
ac_cv_header_string_h='yes'
ac_cv_header_stropts_h='no'
ac_cv_header_sun_audioio_h='no'
ac_cv_header_sys_audioio_h='no'
ac_cv_header_sys_awe_voice_h='no'
ac_cv_header_sys_ioctl_h='yes'
ac_cv_header_sys_ipc_h='yes'
ac_cv_header_sys_param_h='yes'
ac_cv_header_sys_shm_h='no'
ac_cv_header_sys_soundcard_h='no'
ac_cv_header_sys_stat_h='yes'
ac_cv_header_sys_time_h='yes'
ac_cv_header_sys_types_h='yes'
ac_cv_header_sys_wait_h='yes'
ac_cv_header_time='yes'
ac_cv_header_unistd_h='yes'
ac_cv_header_X11_extensions_XShm_h='no'
ac_cv_header_X11_Xmu_ExtAgent_h='no'
ac_cv_host='i386-pc-os2-emx'
ac_cv_lib_dl_dlopen='no'
ac_cv_lib_m_sqrt='yes'
ac_cv_lib_socket_socket='yes'
ac_cv_objext='o'
ac_cv_path_EGREP='/@unixroot/usr/bin/grep.exe -E'
ac_cv_path_GREP='/@unixroot/usr/bin/grep.exe'
ac_cv_path_install='/@unixroot/usr/bin/install.exe -c'
ac_cv_path_mkdir='/@unixroot/usr/bin/mkdir.exe'
ac_cv_prog_ac_ct_CC='gcc'
ac_cv_prog_ac_ct_RANLIB='ranlib'
ac_cv_prog_AWK='gawk'
ac_cv_prog_cc_c89=''
ac_cv_prog_cc_g='yes'
ac_cv_prog_CPP='gcc -E'
ac_cv_prog_gcc_traditional='no'
ac_cv_prog_make_make_set='yes'
ac_cv_search_opendir='none required'
ac_cv_target='i386-pc-os2-emx'
ac_cv_type_off_t='yes'
ac_cv_type_pid_t='yes'
ac_cv_type_signal='void'
ac_cv_type_size_t='yes'
am_cv_CC_dependencies_compiler_type='none'
am_cv_lispdir='${datadir}/emacs/site-lisp'
am_cv_make_support_nested_variables='yes'
am_cv_prog_cc_c_o='yes'
timidity_cv_ccoption_rdynamic='no'
timidity_cv_type_union_semun='no'
timidity_cv_type_volatile='yes'

## ----------------- ##
## Output variables. ##
## ----------------- ##

ACLOCAL='aclocal-1.16'
ac_ct_CC='gcc'
ALSA_CFLAGS=''
ALSA_LIBS=''
AMDEPBACKSLASH='\'
AMDEP_FALSE='#'
AMDEP_TRUE=''
AMTAR='$${TAR-tar}'
AM_BACKSLASH='\'
AM_DEFAULT_V='$(AM_DEFAULT_VERBOSITY)'
AM_DEFAULT_VERBOSITY='1'
AM_V='$(V)'
am__EXEEXT_FALSE='#'
am__EXEEXT_TRUE=''
am__fastdepCC_FALSE=''
am__fastdepCC_TRUE='#'
am__include='include'
am__isrc=''
am__leading_dot='.'
am__nodep='_no'
am__quote=''
am__tar='$${TAR-tar} chof - "$$tardir"'
am__untar='$${TAR-tar} xf -'
AUTOCONF='autoconf'
AUTOHEADER='autoheader'
AUTOMAKE='automake-1.16'
AWK='gawk'
A_so_libs=''
a_so_libs=''
bindir='${exec_prefix}/bin'
build='i386-pc-os2-emx'
build_alias=''
build_cpu='i386'
build_os='os2-emx'
build_vendor='pc'
CC='gcc'
CCDEPMODE='depmode=none'
CFLAGS=' -O2'
CPP='gcc -E'
CPPFLAGS=' -Iu -I/emx/include -I/usr/local/include -DAU_DART $(DEF_PKGDATADIR) $(DEF_PKGLIBDIR) $(DEF_DEFAULT_PATH) -DTIMIDITY_OUTPUT_ID=\"d\"'
CYGNUS_FALSE=''
CYGNUS_TRUE='#'
CYGPATH_W='echo'
datadir='${datarootdir}'
datarootdir='${prefix}/share'
DEFS='-DHAVE_CONFIG_H'
DEPDIR='.deps'
docdir='${datarootdir}/doc/${PACKAGE}'
dvidir='${docdir}'
dynamic_targets=''
ECHO_C=''
ECHO_N='-n'
ECHO_T=''
EGREP='/@unixroot/usr/bin/grep.exe -E'
ELFILES=''
EMACS='no'
EMACSLOADPATH=''
ENABLE_ALSASEQ_FALSE=''
ENABLE_ALSASEQ_TRUE='#'
ENABLE_DYNAMIC_TCLTK_FALSE=''
ENABLE_DYNAMIC_TCLTK_TRUE='#'
ENABLE_DYNAMIC_XAW_FALSE=''
ENABLE_DYNAMIC_XAW_TRUE='#'
ENABLE_EMACS_FALSE=''
ENABLE_EMACS_TRUE='#'
ENABLE_GTK_FALSE=''
ENABLE_GTK_TRUE='#'
ENABLE_MOTIF_FALSE=''
ENABLE_MOTIF_TRUE='#'
ENABLE_NCURSES_FALSE=''
ENABLE_NCURSES_TRUE='#'
ENABLE_NETWORK_FALSE=''
ENABLE_NETWORK_TRUE='#'
ENABLE_PLUGIN_FALSE=''
ENABLE_PLUGIN_TRUE=''
ENABLE_SERVER_FALSE=''
ENABLE_SERVER_TRUE='#'
ENABLE_SLANG_FALSE=''
ENABLE_SLANG_TRUE='#'
ENABLE_SOUND_SPEC_FALSE=''
ENABLE_SOUND_SPEC_TRUE='#'
ENABLE_TCLTK_FALSE=''
ENABLE_TCLTK_TRUE='#'
ENABLE_VT100_FALSE=''
ENABLE_VT100_TRUE='#'
ENABLE_W32GUI_FALSE=''
ENABLE_W32GUI_TRUE='#'
ENABLE_WRD_FALSE=''
ENABLE_WRD_TRUE='#'
ENABLE_XAW_FALSE=''
ENABLE_XAW_TRUE='#'
ENABLE_XSKIN_FALSE=''
ENABLE_XSKIN_TRUE='#'
ESD_CFLAGS=''
ESD_CONFIG=''
ESD_LIBS=''
exec_prefix='${prefix}'
EXEEXT='.exe'
EXTRALIBS=' -los2me'
e_so_libs=''
GREP='/@unixroot/usr/bin/grep.exe'
GTK_CFLAGS=''
GTK_CONFIG=''
GTK_LIBS=''
g_so_libs=''
host='i386-pc-os2-emx'
host_alias=''
host_cpu='i386'
host_os='os2-emx'
host_vendor='pc'
htmldir='${docdir}'
includedir='${prefix}/include'
infodir='${datarootdir}/info'
INSTALL_DATA='${INSTALL} -m 644'
INSTALL_PROGRAM='${INSTALL}'
INSTALL_SCRIPT='${INSTALL}'
install_sh='${SHELL} U:/CWMM_Workspace/Timidity/MM-SOUND-TiMidity-MCD/install-sh'
INSTALL_STRIP_PROGRAM='$(install_sh) -c -s'
INTERFACE_SRCS=''
i_so_libs=''
k_so_libs=''
LDFLAGS=' -Lu -L/emx/lib -L/usr/local/lib'
libdir='${exec_prefix}/lib'
libexecdir='${exec_prefix}/libexec'
LIBOBJS=''
LIBS='-lsocket -lm       -los2me'
lispdir='${datadir}/emacs/site-lisp'
LN_S='ln -s'
localedir='${datarootdir}/locale'
localstatedir='${prefix}/var'
LTLIBOBJS=''
MAKEINFO='makeinfo'
mandir='${datarootdir}/man'
mkdir_p='$(MKDIR_P)'
MKDIR_P='/@unixroot/usr/bin/mkdir.exe -p'
m_so_libs=''
NEEDDLOPEN_FALSE=''
NEEDDLOPEN_TRUE='#'
NETSRCS=''
n_so_libs=''
OBJEXT='o'
oldincludedir='/usr/include'
PACKAGE='TiMidity++'
PACKAGE_BUGREPORT=''
PACKAGE_NAME=''
PACKAGE_STRING=''
PACKAGE_TARNAME=''
PACKAGE_URL=''
PACKAGE_VERSION=''
PATH_SEPARATOR=';'
pdfdir='${docdir}'
prefix='/usr/local'
program_transform_name='s,x,x,'
psdir='${docdir}'
p_so_libs=''
RANLIB='ranlib'
r_so_libs=''
sbindir='${exec_prefix}/sbin'
SET_MAKE=''
sharedstatedir='${prefix}/com'
SHCFLAGS=' -fPIC'
SHELL='X:/usr/bin/sh.exe'
SHLD='gcc -shared  -Lu -L/emx/lib -L/usr/local/lib'
so='so'
STRIP=''
sysconfdir='${prefix}/etc'
SYSEXTRAS=' dart_a.c'
s_so_libs=''
target='i386-pc-os2-emx'
target_alias=''
target_cpu='i386'
target_os='os2-emx'
target_vendor='pc'
tcltk_dep=''
timidity_LDFLAGS=''
T_so_libs=''
VERSION='2.10.4'
W32READDIR_FALSE=''
W32READDIR_TRUE='#'
WISH='wish'
w_so_libs=''
XMKMF=''
X_CFLAGS=''
X_EXTRA_LIBS=''
X_LIBS=''
X_PRE_LIBS=''

## ----------- ##
## confdefs.h. ##
## ----------- ##

/* confdefs.h */
#define PACKAGE_NAME ""
#define PACKAGE_TARNAME ""
#define PACKAGE_VERSION ""
#define PACKAGE_STRING ""
#define PACKAGE_BUGREPORT ""
#define PACKAGE_URL ""
#define HAVE_LIBM 1
#define HAVE_LIBSOCKET 1
#define HAVE_GETHOSTBYNAME 1
#define X_DISPLAY_MISSING 1
#define HAVE_DIRENT_H 1
#define STDC_HEADERS 1
#define HAVE_SYS_WAIT_H 1
#define HAVE_SYS_TYPES_H 1
#define HAVE_SYS_STAT_H 1
#define HAVE_STDLIB_H 1
#define HAVE_STRING_H 1
#define HAVE_MEMORY_H 1
#define HAVE_STRINGS_H 1
#define HAVE_STDINT_H 1
#define HAVE_UNISTD_H 1
#define HAVE_FCNTL_H 1
#define HAVE_LIMITS_H 1
#define HAVE_MALLOC_H 1
#define HAVE_STRINGS_H 1
#define HAVE_SYS_IOCTL_H 1
#define HAVE_SYS_TIME_H 1
#define HAVE_UNISTD_H 1
#define HAVE_DLFCN_H 1
#define HAVE_GLOB_H 1
#define HAVE_GETOPT_H 1
#define HAVE_ERRNO_H 1
#define HAVE_MACHINE_ENDIAN_H 1
#define HAVE_SYS_TYPES_H 1
#define HAVE_SYS_IPC_H 1
#define HAVE_SYS_PARAM_H 1
#define TIME_WITH_SYS_TIME 1
#define HAVE_STDLIB_H 1
#define HAVE_UNISTD_H 1
#define HAVE_SYS_PARAM_H 1
#define HAVE_GETPAGESIZE 1
#define RETSIGTYPE void
#define HAVE_VPRINTF 1
#define HAVE_GETTIMEOFDAY 1
#define HAVE_SELECT 1
#define HAVE_SOCKET 1
#define HAVE_STRDUP 1
#define HAVE_STRSTR 1
#define HAVE_VSNPRINTF 1
#define HAVE_SNPRINTF 1
#define HAVE_SLEEP 1
#define HAVE_STRERROR 1
#define HAVE_GETOPT 1
#define HAVE_GETCWD 1
#define HAVE_POPEN 1
#define HAVE_SIGNAL 1
#define HAVE_ISATTY 1

configure: exit 0
